{"D:\\STUDY\\fyp project\\fsktm-zkp-system\\backend\\src\\models\\Evaluation.js": {"path":"D:\\STUDY\\fyp project\\fsktm-zkp-system\\backend\\src\\models\\Evaluation.js","statementMap":{"0":{"start":{"line":1,"column":17},"end":{"line":1,"column":36}},"1":{"start":{"line":3,"column":25},"end":{"line":72,"column":1}},"2":{"start":{"line":74,"column":0},"end":{"line":79,"column":3}},"3":{"start":{"line":81,"column":0},"end":{"line":81,"column":64}}},"fnMap":{},"branchMap":{},"s":{"0":1,"1":1,"2":1,"3":1},"f":{},"b":{},"_coverageSchema":"1a1c01bbd47fc00a2c39e90264f33305004495a9","hash":"30b46af6bfffeeb82a611d67ba51894e3e9cc7ee"}
,"D:\\STUDY\\fyp project\\fsktm-zkp-system\\backend\\src\\models\\Timetable.js": {"path":"D:\\STUDY\\fyp project\\fsktm-zkp-system\\backend\\src\\models\\Timetable.js","statementMap":{"0":{"start":{"line":1,"column":17},"end":{"line":1,"column":36}},"1":{"start":{"line":3,"column":24},"end":{"line":211,"column":1}},"2":{"start":{"line":213,"column":0},"end":{"line":213,"column":62}}},"fnMap":{},"branchMap":{},"s":{"0":1,"1":1,"2":1},"f":{},"b":{},"_coverageSchema":"1a1c01bbd47fc00a2c39e90264f33305004495a9","hash":"863187ee2f253923af0d7a981766bcf9720dca55"}
,"D:\\STUDY\\fyp project\\fsktm-zkp-system\\backend\\src\\models\\User.js": {"path":"D:\\STUDY\\fyp project\\fsktm-zkp-system\\backend\\src\\models\\User.js","statementMap":{"0":{"start":{"line":1,"column":17},"end":{"line":1,"column":36}},"1":{"start":{"line":3,"column":19},"end":{"line":77,"column":1}},"2":{"start":{"line":79,"column":0},"end":{"line":81,"column":2}},"3":{"start":{"line":80,"column":2},"end":{"line":80,"column":33}},"4":{"start":{"line":83,"column":0},"end":{"line":83,"column":52}}},"fnMap":{"0":{"name":"(anonymous_0)","decl":{"start":{"line":79,"column":38},"end":{"line":79,"column":39}},"loc":{"start":{"line":79,"column":50},"end":{"line":81,"column":1}},"line":79}},"branchMap":{},"s":{"0":1,"1":1,"2":1,"3":0,"4":1},"f":{"0":0},"b":{},"_coverageSchema":"1a1c01bbd47fc00a2c39e90264f33305004495a9","hash":"a091c50742e2cb3e7a90375fb73b8a10bb18e490"}
,"D:\\STUDY\\fyp project\\fsktm-zkp-system\\backend\\src\\utils\\evaluationWorkflow.js": {"path":"D:\\STUDY\\fyp project\\fsktm-zkp-system\\backend\\src\\utils\\evaluationWorkflow.js","statementMap":{"0":{"start":{"line":1,"column":19},"end":{"line":1,"column":50}},"1":{"start":{"line":2,"column":18},"end":{"line":2,"column":48}},"2":{"start":{"line":3,"column":13},"end":{"line":3,"column":38}},"3":{"start":{"line":5,"column":23},"end":{"line":5,"column":25}},"4":{"start":{"line":6,"column":33},"end":{"line":6,"column":34}},"5":{"start":{"line":8,"column":17},"end":{"line":8,"column":61}},"6":{"start":{"line":8,"column":28},"end":{"line":8,"column":61}},"7":{"start":{"line":10,"column":17},"end":{"line":10,"column":69}},"8":{"start":{"line":10,"column":27},"end":{"line":10,"column":69}},"9":{"start":{"line":12,"column":30},"end":{"line":14,"column":78}},"10":{"start":{"line":13,"column":2},"end":{"line":14,"column":78}},"11":{"start":{"line":16,"column":25},"end":{"line":17,"column":83}},"12":{"start":{"line":17,"column":2},"end":{"line":17,"column":83}},"13":{"start":{"line":19,"column":21},"end":{"line":29,"column":1}},"14":{"start":{"line":20,"column":2},"end":{"line":22,"column":3}},"15":{"start":{"line":21,"column":4},"end":{"line":21,"column":48}},"16":{"start":{"line":24,"column":2},"end":{"line":26,"column":3}},"17":{"start":{"line":25,"column":4},"end":{"line":25,"column":42}},"18":{"start":{"line":28,"column":2},"end":{"line":28,"column":12}},"19":{"start":{"line":31,"column":32},"end":{"line":55,"column":1}},"20":{"start":{"line":32,"column":26},"end":{"line":32,"column":31}},"21":{"start":{"line":34,"column":2},"end":{"line":42,"column":3}},"22":{"start":{"line":35,"column":21},"end":{"line":35,"column":49}},"23":{"start":{"line":36,"column":4},"end":{"line":36,"column":35}},"24":{"start":{"line":36,"column":26},"end":{"line":36,"column":35}},"25":{"start":{"line":38,"column":4},"end":{"line":38,"column":29}},"26":{"start":{"line":39,"column":4},"end":{"line":41,"column":5}},"27":{"start":{"line":39,"column":37},"end":{"line":39,"column":70}},"28":{"start":{"line":40,"column":6},"end":{"line":40,"column":18}},"29":{"start":{"line":44,"column":2},"end":{"line":46,"column":3}},"30":{"start":{"line":45,"column":4},"end":{"line":45,"column":17}},"31":{"start":{"line":48,"column":2},"end":{"line":50,"column":3}},"32":{"start":{"line":48,"column":44},"end":{"line":48,"column":79}},"33":{"start":{"line":49,"column":4},"end":{"line":49,"column":16}},"34":{"start":{"line":52,"column":2},"end":{"line":54,"column":4}},"35":{"start":{"line":53,"column":20},"end":{"line":53,"column":69}},"36":{"start":{"line":57,"column":40},"end":{"line":102,"column":1}},"37":{"start":{"line":62,"column":20},"end":{"line":62,"column":68}},"38":{"start":{"line":63,"column":2},"end":{"line":63,"column":62}},"39":{"start":{"line":63,"column":52},"end":{"line":63,"column":62}},"40":{"start":{"line":65,"column":15},"end":{"line":72,"column":3}},"41":{"start":{"line":74,"column":23},"end":{"line":74,"column":32}},"42":{"start":{"line":75,"column":27},"end":{"line":87,"column":7}},"43":{"start":{"line":78,"column":18},"end":{"line":78,"column":35}},"44":{"start":{"line":79,"column":6},"end":{"line":79,"column":54}},"45":{"start":{"line":79,"column":41},"end":{"line":79,"column":54}},"46":{"start":{"line":80,"column":6},"end":{"line":80,"column":28}},"47":{"start":{"line":81,"column":6},"end":{"line":81,"column":18}},"48":{"start":{"line":83,"column":27},"end":{"line":87,"column":5}},"49":{"start":{"line":89,"column":18},"end":{"line":89,"column":78}},"50":{"start":{"line":90,"column":23},"end":{"line":90,"column":44}},"51":{"start":{"line":92,"column":2},"end":{"line":92,"column":45}},"52":{"start":{"line":92,"column":21},"end":{"line":92,"column":45}},"53":{"start":{"line":94,"column":2},"end":{"line":101,"column":4}},"54":{"start":{"line":104,"column":36},"end":{"line":171,"column":1}},"55":{"start":{"line":108,"column":16},"end":{"line":108,"column":18}},"56":{"start":{"line":109,"column":26},"end":{"line":109,"column":66}},"57":{"start":{"line":110,"column":2},"end":{"line":110,"column":72}},"58":{"start":{"line":110,"column":30},"end":{"line":110,"column":72}},"59":{"start":{"line":112,"column":19},"end":{"line":114,"column":59}},"60":{"start":{"line":116,"column":2},"end":{"line":116,"column":33}},"61":{"start":{"line":116,"column":24},"end":{"line":116,"column":33}},"62":{"start":{"line":118,"column":21},"end":{"line":118,"column":23}},"63":{"start":{"line":120,"column":2},"end":{"line":138,"column":5}},"64":{"start":{"line":121,"column":20},"end":{"line":121,"column":41}},"65":{"start":{"line":122,"column":22},"end":{"line":122,"column":45}},"66":{"start":{"line":123,"column":32},"end":{"line":123,"column":53}},"67":{"start":{"line":125,"column":4},"end":{"line":125,"column":51}},"68":{"start":{"line":125,"column":44},"end":{"line":125,"column":51}},"69":{"start":{"line":126,"column":4},"end":{"line":126,"column":77}},"70":{"start":{"line":126,"column":70},"end":{"line":126,"column":77}},"71":{"start":{"line":128,"column":4},"end":{"line":137,"column":7}},"72":{"start":{"line":140,"column":2},"end":{"line":140,"column":35}},"73":{"start":{"line":140,"column":26},"end":{"line":140,"column":35}},"74":{"start":{"line":142,"column":19},"end":{"line":147,"column":11}},"75":{"start":{"line":143,"column":52},"end":{"line":143,"column":71}},"76":{"start":{"line":149,"column":23},"end":{"line":156,"column":3}},"77":{"start":{"line":152,"column":8},"end":{"line":154,"column":58}},"78":{"start":{"line":158,"column":18},"end":{"line":165,"column":3}},"79":{"start":{"line":160,"column":6},"end":{"line":164,"column":7}},"80":{"start":{"line":167,"column":2},"end":{"line":167,"column":32}},"81":{"start":{"line":167,"column":23},"end":{"line":167,"column":32}},"82":{"start":{"line":169,"column":2},"end":{"line":169,"column":59}},"83":{"start":{"line":170,"column":2},"end":{"line":170,"column":24}},"84":{"start":{"line":173,"column":45},"end":{"line":189,"column":1}},"85":{"start":{"line":174,"column":19},"end":{"line":174,"column":59}},"86":{"start":{"line":176,"column":2},"end":{"line":178,"column":3}},"87":{"start":{"line":177,"column":4},"end":{"line":177,"column":67}},"88":{"start":{"line":180,"column":2},"end":{"line":182,"column":3}},"89":{"start":{"line":181,"column":4},"end":{"line":181,"column":67}},"90":{"start":{"line":184,"column":2},"end":{"line":186,"column":3}},"91":{"start":{"line":185,"column":4},"end":{"line":185,"column":41}},"92":{"start":{"line":188,"column":2},"end":{"line":188,"column":11}},"93":{"start":{"line":191,"column":34},"end":{"line":249,"column":1}},"94":{"start":{"line":192,"column":17},"end":{"line":192,"column":26}},"95":{"start":{"line":194,"column":2},"end":{"line":198,"column":5}},"96":{"start":{"line":195,"column":16},"end":{"line":195,"column":49}},"97":{"start":{"line":196,"column":4},"end":{"line":196,"column":46}},"98":{"start":{"line":196,"column":26},"end":{"line":196,"column":46}},"99":{"start":{"line":197,"column":4},"end":{"line":197,"column":37}},"100":{"start":{"line":200,"column":19},"end":{"line":200,"column":28}},"101":{"start":{"line":202,"column":2},"end":{"line":246,"column":5}},"102":{"start":{"line":203,"column":35},"end":{"line":206,"column":5}},"103":{"start":{"line":207,"column":35},"end":{"line":207,"column":76}},"104":{"start":{"line":208,"column":33},"end":{"line":210,"column":5}},"105":{"start":{"line":209,"column":22},"end":{"line":209,"column":55}},"106":{"start":{"line":211,"column":18},"end":{"line":215,"column":10}},"107":{"start":{"line":213,"column":31},"end":{"line":213,"column":60}},"108":{"start":{"line":214,"column":28},"end":{"line":214,"column":49}},"109":{"start":{"line":217,"column":24},"end":{"line":220,"column":61}},"110":{"start":{"line":222,"column":6},"end":{"line":224,"column":14}},"111":{"start":{"line":223,"column":38},"end":{"line":223,"column":48}},"112":{"start":{"line":225,"column":19},"end":{"line":229,"column":12}},"113":{"start":{"line":231,"column":4},"end":{"line":245,"column":7}},"114":{"start":{"line":248,"column":2},"end":{"line":248,"column":18}},"115":{"start":{"line":251,"column":37},"end":{"line":278,"column":1}},"116":{"start":{"line":252,"column":14},"end":{"line":252,"column":78}},"117":{"start":{"line":253,"column":17},"end":{"line":261,"column":3}},"118":{"start":{"line":263,"column":2},"end":{"line":263,"column":22}},"119":{"start":{"line":264,"column":2},"end":{"line":264,"column":35}},"120":{"start":{"line":265,"column":2},"end":{"line":265,"column":43}},"121":{"start":{"line":266,"column":2},"end":{"line":266,"column":25}},"122":{"start":{"line":267,"column":2},"end":{"line":267,"column":29}},"123":{"start":{"line":269,"column":2},"end":{"line":275,"column":3}},"124":{"start":{"line":270,"column":4},"end":{"line":270,"column":40}},"125":{"start":{"line":271,"column":4},"end":{"line":271,"column":36}},"126":{"start":{"line":272,"column":4},"end":{"line":272,"column":38}},"127":{"start":{"line":273,"column":4},"end":{"line":273,"column":43}},"128":{"start":{"line":274,"column":4},"end":{"line":274,"column":39}},"129":{"start":{"line":277,"column":2},"end":{"line":277,"column":13}},"130":{"start":{"line":280,"column":0},"end":{"line":289,"column":2}}},"fnMap":{"0":{"name":"(anonymous_0)","decl":{"start":{"line":8,"column":17},"end":{"line":8,"column":18}},"loc":{"start":{"line":8,"column":28},"end":{"line":8,"column":61}},"line":8},"1":{"name":"(anonymous_1)","decl":{"start":{"line":10,"column":17},"end":{"line":10,"column":18}},"loc":{"start":{"line":10,"column":27},"end":{"line":10,"column":69}},"line":10},"2":{"name":"(anonymous_2)","decl":{"start":{"line":12,"column":30},"end":{"line":12,"column":31}},"loc":{"start":{"line":13,"column":2},"end":{"line":14,"column":78}},"line":13},"3":{"name":"(anonymous_3)","decl":{"start":{"line":16,"column":25},"end":{"line":16,"column":26}},"loc":{"start":{"line":17,"column":2},"end":{"line":17,"column":83}},"line":17},"4":{"name":"(anonymous_4)","decl":{"start":{"line":19,"column":21},"end":{"line":19,"column":22}},"loc":{"start":{"line":19,"column":37},"end":{"line":29,"column":1}},"line":19},"5":{"name":"(anonymous_5)","decl":{"start":{"line":31,"column":32},"end":{"line":31,"column":33}},"loc":{"start":{"line":31,"column":59},"end":{"line":55,"column":1}},"line":31},"6":{"name":"(anonymous_6)","decl":{"start":{"line":39,"column":22},"end":{"line":39,"column":23}},"loc":{"start":{"line":39,"column":37},"end":{"line":39,"column":70}},"line":39},"7":{"name":"(anonymous_7)","decl":{"start":{"line":48,"column":28},"end":{"line":48,"column":29}},"loc":{"start":{"line":48,"column":44},"end":{"line":48,"column":79}},"line":48},"8":{"name":"(anonymous_8)","decl":{"start":{"line":53,"column":4},"end":{"line":53,"column":5}},"loc":{"start":{"line":53,"column":20},"end":{"line":53,"column":69}},"line":53},"9":{"name":"(anonymous_9)","decl":{"start":{"line":57,"column":40},"end":{"line":57,"column":41}},"loc":{"start":{"line":61,"column":5},"end":{"line":102,"column":1}},"line":61},"10":{"name":"(anonymous_10)","decl":{"start":{"line":77,"column":12},"end":{"line":77,"column":13}},"loc":{"start":{"line":77,"column":25},"end":{"line":82,"column":5}},"line":77},"11":{"name":"(anonymous_11)","decl":{"start":{"line":83,"column":9},"end":{"line":83,"column":10}},"loc":{"start":{"line":83,"column":27},"end":{"line":87,"column":5}},"line":83},"12":{"name":"(anonymous_12)","decl":{"start":{"line":104,"column":36},"end":{"line":104,"column":37}},"loc":{"start":{"line":107,"column":11},"end":{"line":171,"column":1}},"line":107},"13":{"name":"(anonymous_13)","decl":{"start":{"line":120,"column":19},"end":{"line":120,"column":20}},"loc":{"start":{"line":120,"column":32},"end":{"line":138,"column":3}},"line":120},"14":{"name":"(anonymous_14)","decl":{"start":{"line":143,"column":37},"end":{"line":143,"column":38}},"loc":{"start":{"line":143,"column":52},"end":{"line":143,"column":71}},"line":143},"15":{"name":"(anonymous_15)","decl":{"start":{"line":151,"column":6},"end":{"line":151,"column":7}},"loc":{"start":{"line":152,"column":8},"end":{"line":154,"column":58}},"line":152},"16":{"name":"(anonymous_16)","decl":{"start":{"line":159,"column":4},"end":{"line":159,"column":5}},"loc":{"start":{"line":160,"column":6},"end":{"line":164,"column":7}},"line":160},"17":{"name":"(anonymous_17)","decl":{"start":{"line":173,"column":45},"end":{"line":173,"column":46}},"loc":{"start":{"line":173,"column":68},"end":{"line":189,"column":1}},"line":173},"18":{"name":"(anonymous_18)","decl":{"start":{"line":191,"column":34},"end":{"line":191,"column":35}},"loc":{"start":{"line":191,"column":56},"end":{"line":249,"column":1}},"line":191},"19":{"name":"(anonymous_19)","decl":{"start":{"line":194,"column":22},"end":{"line":194,"column":23}},"loc":{"start":{"line":194,"column":38},"end":{"line":198,"column":3}},"line":194},"20":{"name":"(anonymous_20)","decl":{"start":{"line":202,"column":17},"end":{"line":202,"column":18}},"loc":{"start":{"line":202,"column":44},"end":{"line":246,"column":3}},"line":202},"21":{"name":"(anonymous_21)","decl":{"start":{"line":209,"column":6},"end":{"line":209,"column":7}},"loc":{"start":{"line":209,"column":22},"end":{"line":209,"column":55}},"line":209},"22":{"name":"(anonymous_22)","decl":{"start":{"line":213,"column":15},"end":{"line":213,"column":16}},"loc":{"start":{"line":213,"column":31},"end":{"line":213,"column":60}},"line":213},"23":{"name":"(anonymous_23)","decl":{"start":{"line":214,"column":18},"end":{"line":214,"column":19}},"loc":{"start":{"line":214,"column":28},"end":{"line":214,"column":49}},"line":214},"24":{"name":"(anonymous_24)","decl":{"start":{"line":223,"column":23},"end":{"line":223,"column":24}},"loc":{"start":{"line":223,"column":38},"end":{"line":223,"column":48}},"line":223},"25":{"name":"(anonymous_25)","decl":{"start":{"line":251,"column":37},"end":{"line":251,"column":38}},"loc":{"start":{"line":251,"column":62},"end":{"line":278,"column":1}},"line":251}},"branchMap":{"0":{"loc":{"start":{"line":8,"column":35},"end":{"line":8,"column":60}},"type":"binary-expr","locations":[{"start":{"line":8,"column":35},"end":{"line":8,"column":45}},{"start":{"line":8,"column":49},"end":{"line":8,"column":54}},{"start":{"line":8,"column":58},"end":{"line":8,"column":60}}],"line":8},"1":{"loc":{"start":{"line":10,"column":27},"end":{"line":10,"column":69}},"type":"binary-expr","locations":[{"start":{"line":10,"column":27},"end":{"line":10,"column":38}},{"start":{"line":10,"column":42},"end":{"line":10,"column":69}}],"line":10},"2":{"loc":{"start":{"line":13,"column":2},"end":{"line":14,"column":78}},"type":"binary-expr","locations":[{"start":{"line":13,"column":2},"end":{"line":13,"column":32}},{"start":{"line":14,"column":2},"end":{"line":14,"column":78}}],"line":13},"3":{"loc":{"start":{"line":14,"column":5},"end":{"line":14,"column":40}},"type":"binary-expr","locations":[{"start":{"line":14,"column":5},"end":{"line":14,"column":27}},{"start":{"line":14,"column":31},"end":{"line":14,"column":40}}],"line":14},"4":{"loc":{"start":{"line":14,"column":44},"end":{"line":14,"column":76}},"type":"binary-expr","locations":[{"start":{"line":14,"column":44},"end":{"line":14,"column":63}},{"start":{"line":14,"column":67},"end":{"line":14,"column":76}}],"line":14},"5":{"loc":{"start":{"line":17,"column":2},"end":{"line":17,"column":83}},"type":"cond-expr","locations":[{"start":{"line":17,"column":50},"end":{"line":17,"column":78}},{"start":{"line":17,"column":81},"end":{"line":17,"column":83}}],"line":17},"6":{"loc":{"start":{"line":20,"column":2},"end":{"line":22,"column":3}},"type":"if","locations":[{"start":{"line":20,"column":2},"end":{"line":22,"column":3}},{"start":{},"end":{}}],"line":20},"7":{"loc":{"start":{"line":24,"column":2},"end":{"line":26,"column":3}},"type":"if","locations":[{"start":{"line":24,"column":2},"end":{"line":26,"column":3}},{"start":{},"end":{}}],"line":24},"8":{"loc":{"start":{"line":24,"column":6},"end":{"line":24,"column":65}},"type":"binary-expr","locations":[{"start":{"line":24,"column":6},"end":{"line":24,"column":24}},{"start":{"line":24,"column":28},"end":{"line":24,"column":65}}],"line":24},"9":{"loc":{"start":{"line":31,"column":33},"end":{"line":31,"column":54}},"type":"default-arg","locations":[{"start":{"line":31,"column":52},"end":{"line":31,"column":54}}],"line":31},"10":{"loc":{"start":{"line":36,"column":4},"end":{"line":36,"column":35}},"type":"if","locations":[{"start":{"line":36,"column":4},"end":{"line":36,"column":35}},{"start":{},"end":{}}],"line":36},"11":{"loc":{"start":{"line":39,"column":4},"end":{"line":41,"column":5}},"type":"if","locations":[{"start":{"line":39,"column":4},"end":{"line":41,"column":5}},{"start":{},"end":{}}],"line":39},"12":{"loc":{"start":{"line":44,"column":2},"end":{"line":46,"column":3}},"type":"if","locations":[{"start":{"line":44,"column":2},"end":{"line":46,"column":3}},{"start":{},"end":{}}],"line":44},"13":{"loc":{"start":{"line":48,"column":2},"end":{"line":50,"column":3}},"type":"if","locations":[{"start":{"line":48,"column":2},"end":{"line":50,"column":3}},{"start":{},"end":{}}],"line":48},"14":{"loc":{"start":{"line":59,"column":2},"end":{"line":59,"column":14}},"type":"default-arg","locations":[{"start":{"line":59,"column":12},"end":{"line":59,"column":14}}],"line":59},"15":{"loc":{"start":{"line":62,"column":20},"end":{"line":62,"column":68}},"type":"binary-expr","locations":[{"start":{"line":62,"column":20},"end":{"line":62,"column":41}},{"start":{"line":62,"column":45},"end":{"line":62,"column":68}}],"line":62},"16":{"loc":{"start":{"line":63,"column":2},"end":{"line":63,"column":62}},"type":"if","locations":[{"start":{"line":63,"column":2},"end":{"line":63,"column":62}},{"start":{},"end":{}}],"line":63},"17":{"loc":{"start":{"line":63,"column":6},"end":{"line":63,"column":50}},"type":"binary-expr","locations":[{"start":{"line":63,"column":6},"end":{"line":63,"column":16}},{"start":{"line":63,"column":20},"end":{"line":63,"column":50}}],"line":63},"18":{"loc":{"start":{"line":69,"column":14},"end":{"line":69,"column":75}},"type":"binary-expr","locations":[{"start":{"line":69,"column":14},"end":{"line":69,"column":22}},{"start":{"line":69,"column":26},"end":{"line":69,"column":42}},{"start":{"line":69,"column":46},"end":{"line":69,"column":69}},{"start":{"line":69,"column":73},"end":{"line":69,"column":75}}],"line":69},"19":{"loc":{"start":{"line":79,"column":6},"end":{"line":79,"column":54}},"type":"if","locations":[{"start":{"line":79,"column":6},"end":{"line":79,"column":54}},{"start":{},"end":{}}],"line":79},"20":{"loc":{"start":{"line":79,"column":10},"end":{"line":79,"column":39}},"type":"binary-expr","locations":[{"start":{"line":79,"column":10},"end":{"line":79,"column":14}},{"start":{"line":79,"column":18},"end":{"line":79,"column":39}}],"line":79},"21":{"loc":{"start":{"line":92,"column":2},"end":{"line":92,"column":45}},"type":"if","locations":[{"start":{"line":92,"column":2},"end":{"line":92,"column":45}},{"start":{},"end":{}}],"line":92},"22":{"loc":{"start":{"line":104,"column":43},"end":{"line":107,"column":6}},"type":"default-arg","locations":[{"start":{"line":107,"column":4},"end":{"line":107,"column":6}}],"line":104},"23":{"loc":{"start":{"line":105,"column":2},"end":{"line":105,"column":17}},"type":"default-arg","locations":[{"start":{"line":105,"column":15},"end":{"line":105,"column":17}}],"line":105},"24":{"loc":{"start":{"line":106,"column":2},"end":{"line":106,"column":21}},"type":"default-arg","locations":[{"start":{"line":106,"column":17},"end":{"line":106,"column":21}}],"line":106},"25":{"loc":{"start":{"line":110,"column":2},"end":{"line":110,"column":72}},"type":"if","locations":[{"start":{"line":110,"column":2},"end":{"line":110,"column":72}},{"start":{},"end":{}}],"line":110},"26":{"loc":{"start":{"line":116,"column":2},"end":{"line":116,"column":33}},"type":"if","locations":[{"start":{"line":116,"column":2},"end":{"line":116,"column":33}},{"start":{},"end":{}}],"line":116},"27":{"loc":{"start":{"line":122,"column":22},"end":{"line":122,"column":45}},"type":"binary-expr","locations":[{"start":{"line":122,"column":22},"end":{"line":122,"column":34}},{"start":{"line":122,"column":38},"end":{"line":122,"column":45}}],"line":122},"28":{"loc":{"start":{"line":125,"column":4},"end":{"line":125,"column":51}},"type":"if","locations":[{"start":{"line":125,"column":4},"end":{"line":125,"column":51}},{"start":{},"end":{}}],"line":125},"29":{"loc":{"start":{"line":125,"column":8},"end":{"line":125,"column":42}},"type":"binary-expr","locations":[{"start":{"line":125,"column":8},"end":{"line":125,"column":18}},{"start":{"line":125,"column":22},"end":{"line":125,"column":42}}],"line":125},"30":{"loc":{"start":{"line":126,"column":4},"end":{"line":126,"column":77}},"type":"if","locations":[{"start":{"line":126,"column":4},"end":{"line":126,"column":77}},{"start":{},"end":{}}],"line":126},"31":{"loc":{"start":{"line":126,"column":8},"end":{"line":126,"column":68}},"type":"binary-expr","locations":[{"start":{"line":126,"column":8},"end":{"line":126,"column":20}},{"start":{"line":126,"column":24},"end":{"line":126,"column":68}}],"line":126},"32":{"loc":{"start":{"line":133,"column":16},"end":{"line":133,"column":45}},"type":"binary-expr","locations":[{"start":{"line":133,"column":16},"end":{"line":133,"column":39}},{"start":{"line":133,"column":43},"end":{"line":133,"column":45}}],"line":133},"33":{"loc":{"start":{"line":140,"column":2},"end":{"line":140,"column":35}},"type":"if","locations":[{"start":{"line":140,"column":2},"end":{"line":140,"column":35}},{"start":{},"end":{}}],"line":140},"34":{"loc":{"start":{"line":167,"column":2},"end":{"line":167,"column":32}},"type":"if","locations":[{"start":{"line":167,"column":2},"end":{"line":167,"column":32}},{"start":{},"end":{}}],"line":167},"35":{"loc":{"start":{"line":173,"column":52},"end":{"line":173,"column":63}},"type":"default-arg","locations":[{"start":{"line":173,"column":61},"end":{"line":173,"column":63}}],"line":173},"36":{"loc":{"start":{"line":174,"column":19},"end":{"line":174,"column":59}},"type":"binary-expr","locations":[{"start":{"line":174,"column":19},"end":{"line":174,"column":28}},{"start":{"line":174,"column":32},"end":{"line":174,"column":42}},{"start":{"line":174,"column":46},"end":{"line":174,"column":59}}],"line":174},"37":{"loc":{"start":{"line":176,"column":2},"end":{"line":178,"column":3}},"type":"if","locations":[{"start":{"line":176,"column":2},"end":{"line":178,"column":3}},{"start":{},"end":{}}],"line":176},"38":{"loc":{"start":{"line":180,"column":2},"end":{"line":182,"column":3}},"type":"if","locations":[{"start":{"line":180,"column":2},"end":{"line":182,"column":3}},{"start":{},"end":{}}],"line":180},"39":{"loc":{"start":{"line":184,"column":2},"end":{"line":186,"column":3}},"type":"if","locations":[{"start":{"line":184,"column":2},"end":{"line":186,"column":3}},{"start":{},"end":{}}],"line":184},"40":{"loc":{"start":{"line":191,"column":35},"end":{"line":191,"column":51}},"type":"default-arg","locations":[{"start":{"line":191,"column":49},"end":{"line":191,"column":51}}],"line":191},"41":{"loc":{"start":{"line":196,"column":4},"end":{"line":196,"column":46}},"type":"if","locations":[{"start":{"line":196,"column":4},"end":{"line":196,"column":46}},{"start":{},"end":{}}],"line":196},"42":{"loc":{"start":{"line":211,"column":18},"end":{"line":215,"column":10}},"type":"cond-expr","locations":[{"start":{"line":212,"column":8},"end":{"line":214,"column":50}},{"start":{"line":215,"column":8},"end":{"line":215,"column":10}}],"line":211},"43":{"loc":{"start":{"line":217,"column":24},"end":{"line":220,"column":61}},"type":"cond-expr","locations":[{"start":{"line":218,"column":8},"end":{"line":219,"column":46}},{"start":{"line":220,"column":8},"end":{"line":220,"column":61}}],"line":217},"44":{"loc":{"start":{"line":218,"column":8},"end":{"line":219,"column":46}},"type":"binary-expr","locations":[{"start":{"line":218,"column":8},"end":{"line":218,"column":61}},{"start":{"line":219,"column":8},"end":{"line":219,"column":46}}],"line":218},"45":{"loc":{"start":{"line":222,"column":6},"end":{"line":224,"column":14}},"type":"cond-expr","locations":[{"start":{"line":223,"column":10},"end":{"line":223,"column":67}},{"start":{"line":224,"column":10},"end":{"line":224,"column":14}}],"line":222},"46":{"loc":{"start":{"line":222,"column":6},"end":{"line":222,"column":43}},"type":"binary-expr","locations":[{"start":{"line":222,"column":6},"end":{"line":222,"column":28}},{"start":{"line":222,"column":32},"end":{"line":222,"column":43}}],"line":222},"47":{"loc":{"start":{"line":225,"column":19},"end":{"line":229,"column":12}},"type":"cond-expr","locations":[{"start":{"line":226,"column":8},"end":{"line":228,"column":15}},{"start":{"line":229,"column":8},"end":{"line":229,"column":12}}],"line":225},"48":{"loc":{"start":{"line":226,"column":8},"end":{"line":228,"column":15}},"type":"cond-expr","locations":[{"start":{"line":227,"column":10},"end":{"line":227,"column":40}},{"start":{"line":228,"column":10},"end":{"line":228,"column":15}}],"line":226},"49":{"loc":{"start":{"line":233,"column":14},"end":{"line":239,"column":19}},"type":"cond-expr","locations":[{"start":{"line":234,"column":10},"end":{"line":238,"column":23}},{"start":{"line":239,"column":10},"end":{"line":239,"column":19}}],"line":233},"50":{"loc":{"start":{"line":234,"column":10},"end":{"line":238,"column":23}},"type":"cond-expr","locations":[{"start":{"line":235,"column":12},"end":{"line":237,"column":20}},{"start":{"line":238,"column":12},"end":{"line":238,"column":23}}],"line":234},"51":{"loc":{"start":{"line":235,"column":12},"end":{"line":237,"column":20}},"type":"cond-expr","locations":[{"start":{"line":236,"column":14},"end":{"line":236,"column":20}},{"start":{"line":237,"column":14},"end":{"line":237,"column":20}}],"line":235},"52":{"loc":{"start":{"line":241,"column":21},"end":{"line":241,"column":67}},"type":"cond-expr","locations":[{"start":{"line":241,"column":46},"end":{"line":241,"column":60}},{"start":{"line":241,"column":63},"end":{"line":241,"column":67}}],"line":241},"53":{"loc":{"start":{"line":252,"column":14},"end":{"line":252,"column":78}},"type":"cond-expr","locations":[{"start":{"line":252,"column":37},"end":{"line":252,"column":58}},{"start":{"line":252,"column":61},"end":{"line":252,"column":78}}],"line":252},"54":{"loc":{"start":{"line":253,"column":17},"end":{"line":261,"column":3}},"type":"binary-expr","locations":[{"start":{"line":253,"column":17},"end":{"line":253,"column":24}},{"start":{"line":253,"column":28},"end":{"line":261,"column":3}}],"line":253},"55":{"loc":{"start":{"line":269,"column":2},"end":{"line":275,"column":3}},"type":"if","locations":[{"start":{"line":269,"column":2},"end":{"line":275,"column":3}},{"start":{},"end":{}}],"line":269}},"s":{"0":1,"1":1,"2":1,"3":1,"4":1,"5":1,"6":12,"7":1,"8":0,"9":1,"10":12,"11":1,"12":6,"13":1,"14":0,"15":0,"16":0,"17":0,"18":0,"19":1,"20":4,"21":4,"22":6,"23":6,"24":0,"25":6,"26":6,"27":6,"28":3,"29":1,"30":1,"31":0,"32":0,"33":0,"34":0,"35":0,"36":1,"37":0,"38":0,"39":0,"40":0,"41":0,"42":0,"43":0,"44":0,"45":0,"46":0,"47":0,"48":0,"49":0,"50":0,"51":0,"52":0,"53":0,"54":1,"55":0,"56":0,"57":0,"58":0,"59":0,"60":0,"61":0,"62":0,"63":0,"64":0,"65":0,"66":0,"67":0,"68":0,"69":0,"70":0,"71":0,"72":0,"73":0,"74":0,"75":0,"76":0,"77":0,"78":0,"79":0,"80":0,"81":0,"82":0,"83":0,"84":1,"85":0,"86":0,"87":0,"88":0,"89":0,"90":0,"91":0,"92":0,"93":1,"94":4,"95":4,"96":12,"97":12,"98":4,"99":12,"100":4,"101":4,"102":4,"103":4,"104":4,"105":12,"106":4,"107":8,"108":8,"109":4,"110":4,"111":6,"112":4,"113":4,"114":4,"115":1,"116":1,"117":1,"118":1,"119":1,"120":1,"121":1,"122":1,"123":1,"124":1,"125":1,"126":1,"127":1,"128":1,"129":1,"130":1},"f":{"0":12,"1":0,"2":12,"3":6,"4":0,"5":4,"6":6,"7":0,"8":0,"9":0,"10":0,"11":0,"12":0,"13":0,"14":0,"15":0,"16":0,"17":0,"18":4,"19":12,"20":4,"21":12,"22":8,"23":8,"24":6,"25":1},"b":{"0":[12,12,0],"1":[0,0],"2":[12,0],"3":[0,0],"4":[0,0],"5":[6,0],"6":[0,0],"7":[0,0],"8":[0,0],"9":[0],"10":[0,6],"11":[3,3],"12":[1,0],"13":[0,0],"14":[0],"15":[0,0],"16":[0,0],"17":[0,0],"18":[0,0,0,0],"19":[0,0],"20":[0,0],"21":[0,0],"22":[0],"23":[0],"24":[0],"25":[0,0],"26":[0,0],"27":[0,0],"28":[0,0],"29":[0,0],"30":[0,0],"31":[0,0],"32":[0,0],"33":[0,0],"34":[0,0],"35":[0],"36":[0,0,0],"37":[0,0],"38":[0,0],"39":[0,0],"40":[0],"41":[4,8],"42":[3,1],"43":[3,1],"44":[3,2],"45":[2,2],"46":[4,3],"47":[3,1],"48":[2,1],"49":[3,1],"50":[2,1],"51":[1,1],"52":[3,1],"53":[1,0],"54":[1,0],"55":[1,0]},"_coverageSchema":"1a1c01bbd47fc00a2c39e90264f33305004495a9","hash":"60ae6505756d7ee6084567094f7927d4eccc52d2"}
,"D:\\STUDY\\fyp project\\fsktm-zkp-system\\backend\\src\\utils\\supervisorConflictValidation.js": {"path":"D:\\STUDY\\fyp project\\fsktm-zkp-system\\backend\\src\\utils\\supervisorConflictValidation.js","statementMap":{"0":{"start":{"line":1,"column":17},"end":{"line":1,"column":61}},"1":{"start":{"line":1,"column":28},"end":{"line":1,"column":61}},"2":{"start":{"line":3,"column":26},"end":{"line":6,"column":20}},"3":{"start":{"line":4,"column":2},"end":{"line":6,"column":20}},"4":{"start":{"line":5,"column":20},"end":{"line":5,"column":53}},"5":{"start":{"line":8,"column":35},"end":{"line":12,"column":1}},"6":{"start":{"line":9,"column":29},"end":{"line":9,"column":51}},"7":{"start":{"line":10,"column":2},"end":{"line":10,"column":40}},"8":{"start":{"line":10,"column":27},"end":{"line":10,"column":40}},"9":{"start":{"line":11,"column":2},"end":{"line":11,"column":66}},"10":{"start":{"line":14,"column":39},"end":{"line":18,"column":104}},"11":{"start":{"line":18,"column":2},"end":{"line":18,"column":104}},"12":{"start":{"line":20,"column":0},"end":{"line":25,"column":2}}},"fnMap":{"0":{"name":"(anonymous_0)","decl":{"start":{"line":1,"column":17},"end":{"line":1,"column":18}},"loc":{"start":{"line":1,"column":28},"end":{"line":1,"column":61}},"line":1},"1":{"name":"(anonymous_1)","decl":{"start":{"line":3,"column":26},"end":{"line":3,"column":27}},"loc":{"start":{"line":4,"column":2},"end":{"line":6,"column":20}},"line":4},"2":{"name":"(anonymous_2)","decl":{"start":{"line":5,"column":9},"end":{"line":5,"column":10}},"loc":{"start":{"line":5,"column":20},"end":{"line":5,"column":53}},"line":5},"3":{"name":"(anonymous_3)","decl":{"start":{"line":8,"column":35},"end":{"line":8,"column":36}},"loc":{"start":{"line":8,"column":72},"end":{"line":12,"column":1}},"line":8},"4":{"name":"(anonymous_4)","decl":{"start":{"line":14,"column":39},"end":{"line":14,"column":40}},"loc":{"start":{"line":18,"column":2},"end":{"line":18,"column":104}},"line":18}},"branchMap":{"0":{"loc":{"start":{"line":1,"column":35},"end":{"line":1,"column":60}},"type":"binary-expr","locations":[{"start":{"line":1,"column":35},"end":{"line":1,"column":45}},{"start":{"line":1,"column":49},"end":{"line":1,"column":54}},{"start":{"line":1,"column":58},"end":{"line":1,"column":60}}],"line":1},"1":{"loc":{"start":{"line":3,"column":27},"end":{"line":3,"column":40}},"type":"default-arg","locations":[{"start":{"line":3,"column":38},"end":{"line":3,"column":40}}],"line":3},"2":{"loc":{"start":{"line":4,"column":3},"end":{"line":4,"column":42}},"type":"cond-expr","locations":[{"start":{"line":4,"column":29},"end":{"line":4,"column":37}},{"start":{"line":4,"column":40},"end":{"line":4,"column":42}}],"line":4},"3":{"loc":{"start":{"line":5,"column":29},"end":{"line":5,"column":52}},"type":"binary-expr","locations":[{"start":{"line":5,"column":29},"end":{"line":5,"column":43}},{"start":{"line":5,"column":47},"end":{"line":5,"column":52}}],"line":5},"4":{"loc":{"start":{"line":8,"column":52},"end":{"line":8,"column":65}},"type":"default-arg","locations":[{"start":{"line":8,"column":63},"end":{"line":8,"column":65}}],"line":8},"5":{"loc":{"start":{"line":10,"column":2},"end":{"line":10,"column":40}},"type":"if","locations":[{"start":{"line":10,"column":2},"end":{"line":10,"column":40}},{"start":{},"end":{}}],"line":10},"6":{"loc":{"start":{"line":14,"column":40},"end":{"line":17,"column":6}},"type":"default-arg","locations":[{"start":{"line":17,"column":4},"end":{"line":17,"column":6}}],"line":14},"7":{"loc":{"start":{"line":15,"column":2},"end":{"line":15,"column":30}},"type":"default-arg","locations":[{"start":{"line":15,"column":16},"end":{"line":15,"column":30}}],"line":15},"8":{"loc":{"start":{"line":16,"column":2},"end":{"line":16,"column":32}},"type":"default-arg","locations":[{"start":{"line":16,"column":12},"end":{"line":16,"column":32}}],"line":16}},"s":{"0":1,"1":6,"2":1,"3":2,"4":4,"5":1,"6":2,"7":2,"8":0,"9":2,"10":1,"11":1,"12":1},"f":{"0":6,"1":2,"2":4,"3":2,"4":1},"b":{"0":[6,6,0],"1":[0],"2":[2,0],"3":[4,4],"4":[0],"5":[0,2],"6":[0],"7":[0],"8":[0]},"_coverageSchema":"1a1c01bbd47fc00a2c39e90264f33305004495a9","hash":"d0d0b286995de7914948234ea9de1d21795dd597"}
,"D:\\STUDY\\fyp project\\fsktm-zkp-system\\backend\\src\\utils\\timetableValidation.js": {"path":"D:\\STUDY\\fyp project\\fsktm-zkp-system\\backend\\src\\utils\\timetableValidation.js","statementMap":{"0":{"start":{"line":1,"column":18},"end":{"line":7,"column":18}},"1":{"start":{"line":2,"column":2},"end":{"line":7,"column":18}},"2":{"start":{"line":9,"column":19},"end":{"line":9,"column":81}},"3":{"start":{"line":9,"column":31},"end":{"line":9,"column":80}},"4":{"start":{"line":11,"column":26},"end":{"line":22,"column":1}},"5":{"start":{"line":12,"column":2},"end":{"line":12,"column":24}},"6":{"start":{"line":12,"column":14},"end":{"line":12,"column":24}},"7":{"start":{"line":13,"column":2},"end":{"line":18,"column":3}},"8":{"start":{"line":14,"column":14},"end":{"line":14,"column":33}},"9":{"start":{"line":15,"column":14},"end":{"line":15,"column":59}},"10":{"start":{"line":16,"column":14},"end":{"line":16,"column":54}},"11":{"start":{"line":17,"column":4},"end":{"line":17,"column":28}},"12":{"start":{"line":19,"column":14},"end":{"line":19,"column":34}},"13":{"start":{"line":20,"column":16},"end":{"line":20,"column":53}},"14":{"start":{"line":21,"column":2},"end":{"line":21,"column":74}},"15":{"start":{"line":24,"column":27},"end":{"line":32,"column":1}},"16":{"start":{"line":25,"column":14},"end":{"line":25,"column":44}},"17":{"start":{"line":26,"column":16},"end":{"line":26,"column":48}},"18":{"start":{"line":27,"column":2},"end":{"line":27,"column":26}},"19":{"start":{"line":27,"column":14},"end":{"line":27,"column":26}},"20":{"start":{"line":28,"column":12},"end":{"line":28,"column":28}},"21":{"start":{"line":29,"column":12},"end":{"line":29,"column":28}},"22":{"start":{"line":30,"column":2},"end":{"line":30,"column":54}},"23":{"start":{"line":30,"column":42},"end":{"line":30,"column":54}},"24":{"start":{"line":31,"column":2},"end":{"line":31,"column":20}},"25":{"start":{"line":34,"column":17},"end":{"line":34,"column":61}},"26":{"start":{"line":34,"column":28},"end":{"line":34,"column":61}},"27":{"start":{"line":36,"column":22},"end":{"line":37,"column":32}},"28":{"start":{"line":37,"column":2},"end":{"line":37,"column":32}},"29":{"start":{"line":39,"column":29},"end":{"line":50,"column":5}},"30":{"start":{"line":40,"column":2},"end":{"line":50,"column":5}},"31":{"start":{"line":40,"column":23},"end":{"line":50,"column":3}},"32":{"start":{"line":52,"column":22},"end":{"line":115,"column":1}},"33":{"start":{"line":53,"column":17},"end":{"line":53,"column":19}},"34":{"start":{"line":55,"column":2},"end":{"line":70,"column":3}},"35":{"start":{"line":56,"column":4},"end":{"line":56,"column":72}},"36":{"start":{"line":56,"column":25},"end":{"line":56,"column":72}},"37":{"start":{"line":57,"column":4},"end":{"line":57,"column":64}},"38":{"start":{"line":57,"column":20},"end":{"line":57,"column":64}},"39":{"start":{"line":58,"column":4},"end":{"line":60,"column":5}},"40":{"start":{"line":59,"column":6},"end":{"line":59,"column":56}},"41":{"start":{"line":61,"column":4},"end":{"line":63,"column":5}},"42":{"start":{"line":62,"column":6},"end":{"line":62,"column":54}},"43":{"start":{"line":64,"column":4},"end":{"line":66,"column":5}},"44":{"start":{"line":65,"column":6},"end":{"line":65,"column":63}},"45":{"start":{"line":67,"column":4},"end":{"line":69,"column":5}},"46":{"start":{"line":68,"column":6},"end":{"line":68,"column":62}},"47":{"start":{"line":72,"column":24},"end":{"line":72,"column":33}},"48":{"start":{"line":73,"column":2},"end":{"line":82,"column":3}},"49":{"start":{"line":74,"column":16},"end":{"line":74,"column":48}},"50":{"start":{"line":75,"column":4},"end":{"line":75,"column":48}},"51":{"start":{"line":75,"column":39},"end":{"line":75,"column":48}},"52":{"start":{"line":76,"column":4},"end":{"line":80,"column":5}},"53":{"start":{"line":77,"column":6},"end":{"line":79,"column":8}},"54":{"start":{"line":81,"column":4},"end":{"line":81,"column":33}},"55":{"start":{"line":84,"column":2},"end":{"line":107,"column":3}},"56":{"start":{"line":84,"column":15},"end":{"line":84,"column":16}},"57":{"start":{"line":85,"column":14},"end":{"line":85,"column":22}},"58":{"start":{"line":86,"column":19},"end":{"line":86,"column":50}},"59":{"start":{"line":87,"column":17},"end":{"line":87,"column":46}},"60":{"start":{"line":88,"column":4},"end":{"line":88,"column":51}},"61":{"start":{"line":88,"column":42},"end":{"line":88,"column":51}},"62":{"start":{"line":90,"column":4},"end":{"line":106,"column":5}},"63":{"start":{"line":90,"column":17},"end":{"line":90,"column":22}},"64":{"start":{"line":91,"column":16},"end":{"line":91,"column":24}},"65":{"start":{"line":92,"column":6},"end":{"line":92,"column":38}},"66":{"start":{"line":92,"column":29},"end":{"line":92,"column":38}},"67":{"start":{"line":93,"column":21},"end":{"line":93,"column":52}},"68":{"start":{"line":94,"column":19},"end":{"line":94,"column":48}},"69":{"start":{"line":95,"column":6},"end":{"line":95,"column":53}},"70":{"start":{"line":95,"column":44},"end":{"line":95,"column":53}},"71":{"start":{"line":96,"column":6},"end":{"line":96,"column":63}},"72":{"start":{"line":96,"column":54},"end":{"line":96,"column":63}},"73":{"start":{"line":98,"column":27},"end":{"line":100,"column":7}},"74":{"start":{"line":99,"column":8},"end":{"line":99,"column":36}},"75":{"start":{"line":101,"column":6},"end":{"line":105,"column":9}},"76":{"start":{"line":102,"column":8},"end":{"line":104,"column":10}},"77":{"start":{"line":109,"column":2},"end":{"line":114,"column":3}},"78":{"start":{"line":110,"column":16},"end":{"line":110,"column":44}},"79":{"start":{"line":111,"column":4},"end":{"line":111,"column":25}},"80":{"start":{"line":112,"column":4},"end":{"line":112,"column":34}},"81":{"start":{"line":113,"column":4},"end":{"line":113,"column":14}},"82":{"start":{"line":117,"column":0},"end":{"line":126,"column":2}}},"fnMap":{"0":{"name":"(anonymous_0)","decl":{"start":{"line":1,"column":18},"end":{"line":1,"column":19}},"loc":{"start":{"line":2,"column":2},"end":{"line":7,"column":18}},"line":2},"1":{"name":"(anonymous_1)","decl":{"start":{"line":9,"column":19},"end":{"line":9,"column":20}},"loc":{"start":{"line":9,"column":31},"end":{"line":9,"column":80}},"line":9},"2":{"name":"(anonymous_2)","decl":{"start":{"line":11,"column":26},"end":{"line":11,"column":27}},"loc":{"start":{"line":11,"column":37},"end":{"line":22,"column":1}},"line":11},"3":{"name":"(anonymous_3)","decl":{"start":{"line":24,"column":27},"end":{"line":24,"column":28}},"loc":{"start":{"line":24,"column":42},"end":{"line":32,"column":1}},"line":24},"4":{"name":"(anonymous_4)","decl":{"start":{"line":34,"column":17},"end":{"line":34,"column":18}},"loc":{"start":{"line":34,"column":28},"end":{"line":34,"column":61}},"line":34},"5":{"name":"(anonymous_5)","decl":{"start":{"line":36,"column":22},"end":{"line":36,"column":23}},"loc":{"start":{"line":37,"column":2},"end":{"line":37,"column":32}},"line":37},"6":{"name":"(anonymous_6)","decl":{"start":{"line":39,"column":29},"end":{"line":39,"column":30}},"loc":{"start":{"line":40,"column":2},"end":{"line":50,"column":5}},"line":40},"7":{"name":"(anonymous_7)","decl":{"start":{"line":40,"column":12},"end":{"line":40,"column":13}},"loc":{"start":{"line":40,"column":23},"end":{"line":50,"column":3}},"line":40},"8":{"name":"(anonymous_8)","decl":{"start":{"line":52,"column":22},"end":{"line":52,"column":23}},"loc":{"start":{"line":52,"column":33},"end":{"line":115,"column":1}},"line":52},"9":{"name":"(anonymous_9)","decl":{"start":{"line":98,"column":45},"end":{"line":98,"column":46}},"loc":{"start":{"line":99,"column":8},"end":{"line":99,"column":36}},"line":99},"10":{"name":"(anonymous_10)","decl":{"start":{"line":101,"column":27},"end":{"line":101,"column":28}},"loc":{"start":{"line":101,"column":40},"end":{"line":105,"column":7}},"line":101}},"branchMap":{"0":{"loc":{"start":{"line":1,"column":19},"end":{"line":1,"column":29}},"type":"default-arg","locations":[{"start":{"line":1,"column":27},"end":{"line":1,"column":29}}],"line":1},"1":{"loc":{"start":{"line":1,"column":31},"end":{"line":1,"column":40}},"type":"default-arg","locations":[{"start":{"line":1,"column":37},"end":{"line":1,"column":40}}],"line":1},"2":{"loc":{"start":{"line":9,"column":31},"end":{"line":9,"column":80}},"type":"cond-expr","locations":[{"start":{"line":9,"column":54},"end":{"line":9,"column":75}},{"start":{"line":9,"column":78},"end":{"line":9,"column":80}}],"line":9},"3":{"loc":{"start":{"line":12,"column":2},"end":{"line":12,"column":24}},"type":"if","locations":[{"start":{"line":12,"column":2},"end":{"line":12,"column":24}},{"start":{},"end":{}}],"line":12},"4":{"loc":{"start":{"line":13,"column":2},"end":{"line":18,"column":3}},"type":"if","locations":[{"start":{"line":13,"column":2},"end":{"line":18,"column":3}},{"start":{},"end":{}}],"line":13},"5":{"loc":{"start":{"line":13,"column":6},"end":{"line":13,"column":61}},"type":"binary-expr","locations":[{"start":{"line":13,"column":6},"end":{"line":13,"column":27}},{"start":{"line":13,"column":31},"end":{"line":13,"column":61}}],"line":13},"6":{"loc":{"start":{"line":21,"column":9},"end":{"line":21,"column":73}},"type":"cond-expr","locations":[{"start":{"line":21,"column":17},"end":{"line":21,"column":54}},{"start":{"line":21,"column":57},"end":{"line":21,"column":73}}],"line":21},"7":{"loc":{"start":{"line":25,"column":21},"end":{"line":25,"column":36}},"type":"binary-expr","locations":[{"start":{"line":25,"column":21},"end":{"line":25,"column":30}},{"start":{"line":25,"column":34},"end":{"line":25,"column":36}}],"line":25},"8":{"loc":{"start":{"line":27,"column":2},"end":{"line":27,"column":26}},"type":"if","locations":[{"start":{"line":27,"column":2},"end":{"line":27,"column":26}},{"start":{},"end":{}}],"line":27},"9":{"loc":{"start":{"line":30,"column":2},"end":{"line":30,"column":54}},"type":"if","locations":[{"start":{"line":30,"column":2},"end":{"line":30,"column":54}},{"start":{},"end":{}}],"line":30},"10":{"loc":{"start":{"line":30,"column":6},"end":{"line":30,"column":40}},"type":"binary-expr","locations":[{"start":{"line":30,"column":6},"end":{"line":30,"column":11}},{"start":{"line":30,"column":15},"end":{"line":30,"column":21}},{"start":{"line":30,"column":25},"end":{"line":30,"column":30}},{"start":{"line":30,"column":34},"end":{"line":30,"column":40}}],"line":30},"11":{"loc":{"start":{"line":34,"column":35},"end":{"line":34,"column":60}},"type":"binary-expr","locations":[{"start":{"line":34,"column":35},"end":{"line":34,"column":45}},{"start":{"line":34,"column":49},"end":{"line":34,"column":54}},{"start":{"line":34,"column":58},"end":{"line":34,"column":60}}],"line":34},"12":{"loc":{"start":{"line":37,"column":2},"end":{"line":37,"column":32}},"type":"binary-expr","locations":[{"start":{"line":37,"column":2},"end":{"line":37,"column":15}},{"start":{"line":37,"column":19},"end":{"line":37,"column":32}}],"line":37},"13":{"loc":{"start":{"line":39,"column":30},"end":{"line":39,"column":40}},"type":"default-arg","locations":[{"start":{"line":39,"column":38},"end":{"line":39,"column":40}}],"line":39},"14":{"loc":{"start":{"line":41,"column":24},"end":{"line":41,"column":50}},"type":"binary-expr","locations":[{"start":{"line":41,"column":24},"end":{"line":41,"column":38}},{"start":{"line":41,"column":42},"end":{"line":41,"column":50}}],"line":41},"15":{"loc":{"start":{"line":42,"column":24},"end":{"line":42,"column":76}},"type":"binary-expr","locations":[{"start":{"line":42,"column":24},"end":{"line":42,"column":38}},{"start":{"line":42,"column":42},"end":{"line":42,"column":54}},{"start":{"line":42,"column":58},"end":{"line":42,"column":76}}],"line":42},"16":{"loc":{"start":{"line":44,"column":6},"end":{"line":44,"column":68}},"type":"binary-expr","locations":[{"start":{"line":44,"column":6},"end":{"line":44,"column":19}},{"start":{"line":44,"column":23},"end":{"line":44,"column":34}},{"start":{"line":44,"column":38},"end":{"line":44,"column":68}}],"line":44},"17":{"loc":{"start":{"line":47,"column":25},"end":{"line":47,"column":52}},"type":"binary-expr","locations":[{"start":{"line":47,"column":25},"end":{"line":47,"column":39}},{"start":{"line":47,"column":43},"end":{"line":47,"column":52}}],"line":47},"18":{"loc":{"start":{"line":49,"column":21},"end":{"line":49,"column":44}},"type":"binary-expr","locations":[{"start":{"line":49,"column":21},"end":{"line":49,"column":31}},{"start":{"line":49,"column":35},"end":{"line":49,"column":44}}],"line":49},"19":{"loc":{"start":{"line":56,"column":4},"end":{"line":56,"column":72}},"type":"if","locations":[{"start":{"line":56,"column":4},"end":{"line":56,"column":72}},{"start":{},"end":{}}],"line":56},"20":{"loc":{"start":{"line":57,"column":4},"end":{"line":57,"column":64}},"type":"if","locations":[{"start":{"line":57,"column":4},"end":{"line":57,"column":64}},{"start":{},"end":{}}],"line":57},"21":{"loc":{"start":{"line":58,"column":4},"end":{"line":60,"column":5}},"type":"if","locations":[{"start":{"line":58,"column":4},"end":{"line":60,"column":5}},{"start":{},"end":{}}],"line":58},"22":{"loc":{"start":{"line":61,"column":4},"end":{"line":63,"column":5}},"type":"if","locations":[{"start":{"line":61,"column":4},"end":{"line":63,"column":5}},{"start":{},"end":{}}],"line":61},"23":{"loc":{"start":{"line":64,"column":4},"end":{"line":66,"column":5}},"type":"if","locations":[{"start":{"line":64,"column":4},"end":{"line":66,"column":5}},{"start":{},"end":{}}],"line":64},"24":{"loc":{"start":{"line":67,"column":4},"end":{"line":69,"column":5}},"type":"if","locations":[{"start":{"line":67,"column":4},"end":{"line":69,"column":5}},{"start":{},"end":{}}],"line":67},"25":{"loc":{"start":{"line":75,"column":4},"end":{"line":75,"column":48}},"type":"if","locations":[{"start":{"line":75,"column":4},"end":{"line":75,"column":48}},{"start":{},"end":{}}],"line":75},"26":{"loc":{"start":{"line":75,"column":8},"end":{"line":75,"column":37}},"type":"binary-expr","locations":[{"start":{"line":75,"column":8},"end":{"line":75,"column":23}},{"start":{"line":75,"column":27},"end":{"line":75,"column":37}}],"line":75},"27":{"loc":{"start":{"line":76,"column":4},"end":{"line":80,"column":5}},"type":"if","locations":[{"start":{"line":76,"column":4},"end":{"line":80,"column":5}},{"start":{},"end":{}}],"line":76},"28":{"loc":{"start":{"line":88,"column":4},"end":{"line":88,"column":51}},"type":"if","locations":[{"start":{"line":88,"column":4},"end":{"line":88,"column":51}},{"start":{},"end":{}}],"line":88},"29":{"loc":{"start":{"line":88,"column":8},"end":{"line":88,"column":40}},"type":"binary-expr","locations":[{"start":{"line":88,"column":8},"end":{"line":88,"column":23}},{"start":{"line":88,"column":27},"end":{"line":88,"column":40}}],"line":88},"30":{"loc":{"start":{"line":92,"column":6},"end":{"line":92,"column":38}},"type":"if","locations":[{"start":{"line":92,"column":6},"end":{"line":92,"column":38}},{"start":{},"end":{}}],"line":92},"31":{"loc":{"start":{"line":95,"column":6},"end":{"line":95,"column":53}},"type":"if","locations":[{"start":{"line":95,"column":6},"end":{"line":95,"column":53}},{"start":{},"end":{}}],"line":95},"32":{"loc":{"start":{"line":95,"column":10},"end":{"line":95,"column":42}},"type":"binary-expr","locations":[{"start":{"line":95,"column":10},"end":{"line":95,"column":25}},{"start":{"line":95,"column":29},"end":{"line":95,"column":42}}],"line":95},"33":{"loc":{"start":{"line":96,"column":6},"end":{"line":96,"column":63}},"type":"if","locations":[{"start":{"line":96,"column":6},"end":{"line":96,"column":63}},{"start":{},"end":{}}],"line":96},"34":{"loc":{"start":{"line":109,"column":2},"end":{"line":114,"column":3}},"type":"if","locations":[{"start":{"line":109,"column":2},"end":{"line":114,"column":3}},{"start":{},"end":{}}],"line":109}},"s":{"0":1,"1":21,"2":1,"3":7,"4":1,"5":7,"6":0,"7":7,"8":0,"9":0,"10":0,"11":0,"12":7,"13":7,"14":7,"15":1,"16":34,"17":34,"18":34,"19":0,"20":34,"21":34,"22":34,"23":0,"24":34,"25":1,"26":28,"27":1,"28":3,"29":1,"30":4,"31":7,"32":1,"33":4,"34":4,"35":7,"36":0,"37":7,"38":0,"39":7,"40":0,"41":7,"42":0,"43":7,"44":0,"45":7,"46":1,"47":4,"48":4,"49":7,"50":7,"51":0,"52":7,"53":1,"54":7,"55":4,"56":4,"57":7,"58":7,"59":7,"60":7,"61":0,"62":7,"63":7,"64":3,"65":3,"66":0,"67":3,"68":3,"69":3,"70":0,"71":3,"72":2,"73":1,"74":2,"75":1,"76":2,"77":4,"78":3,"79":3,"80":3,"81":3,"82":1},"f":{"0":21,"1":7,"2":7,"3":34,"4":28,"5":3,"6":4,"7":7,"8":4,"9":2,"10":2},"b":{"0":[0],"1":[0],"2":[7,0],"3":[0,7],"4":[0,7],"5":[7,0],"6":[7,0],"7":[34,0],"8":[0,34],"9":[0,34],"10":[34,34,34,34],"11":[28,28,7],"12":[3,3],"13":[0],"14":[7,7],"15":[7,0,0],"16":[7,7,0],"17":[7,0],"18":[7,0],"19":[0,7],"20":[0,7],"21":[0,7],"22":[0,7],"23":[0,7],"24":[1,6],"25":[0,7],"26":[7,7],"27":[1,6],"28":[0,7],"29":[7,7],"30":[0,3],"31":[0,3],"32":[3,3],"33":[2,1],"34":[3,1]},"_coverageSchema":"1a1c01bbd47fc00a2c39e90264f33305004495a9","hash":"ca2e9153d8496de5e97cd2614e4e5a60d304e252"}
}
