{"D:\\STUDY\\fyp project\\fsktm-zkp-system\\backend\\src\\models\\Evaluation.js": {"path":"D:\\STUDY\\fyp project\\fsktm-zkp-system\\backend\\src\\models\\Evaluation.js","statementMap":{"0":{"start":{"line":1,"column":17},"end":{"line":1,"column":36}},"1":{"start":{"line":3,"column":25},"end":{"line":72,"column":1}},"2":{"start":{"line":74,"column":0},"end":{"line":79,"column":3}},"3":{"start":{"line":81,"column":0},"end":{"line":81,"column":64}}},"fnMap":{},"branchMap":{},"s":{"0":1,"1":1,"2":1,"3":1},"f":{},"b":{},"_coverageSchema":"1a1c01bbd47fc00a2c39e90264f33305004495a9","hash":"30b46af6bfffeeb82a611d67ba51894e3e9cc7ee"}
,"D:\\STUDY\\fyp project\\fsktm-zkp-system\\backend\\src\\models\\Timetable.js": {"path":"D:\\STUDY\\fyp project\\fsktm-zkp-system\\backend\\src\\models\\Timetable.js","statementMap":{"0":{"start":{"line":1,"column":17},"end":{"line":1,"column":36}},"1":{"start":{"line":3,"column":24},"end":{"line":211,"column":1}},"2":{"start":{"line":213,"column":0},"end":{"line":213,"column":62}}},"fnMap":{},"branchMap":{},"s":{"0":1,"1":1,"2":1},"f":{},"b":{},"_coverageSchema":"1a1c01bbd47fc00a2c39e90264f33305004495a9","hash":"863187ee2f253923af0d7a981766bcf9720dca55"}
,"D:\\STUDY\\fyp project\\fsktm-zkp-system\\backend\\src\\models\\User.js": {"path":"D:\\STUDY\\fyp project\\fsktm-zkp-system\\backend\\src\\models\\User.js","statementMap":{"0":{"start":{"line":1,"column":17},"end":{"line":1,"column":36}},"1":{"start":{"line":3,"column":19},"end":{"line":77,"column":1}},"2":{"start":{"line":79,"column":0},"end":{"line":81,"column":2}},"3":{"start":{"line":80,"column":2},"end":{"line":80,"column":33}},"4":{"start":{"line":83,"column":0},"end":{"line":83,"column":52}}},"fnMap":{"0":{"name":"(anonymous_0)","decl":{"start":{"line":79,"column":38},"end":{"line":79,"column":39}},"loc":{"start":{"line":79,"column":50},"end":{"line":81,"column":1}},"line":79}},"branchMap":{},"s":{"0":1,"1":1,"2":1,"3":0,"4":1},"f":{"0":0},"b":{},"_coverageSchema":"1a1c01bbd47fc00a2c39e90264f33305004495a9","hash":"a091c50742e2cb3e7a90375fb73b8a10bb18e490"}
,"D:\\STUDY\\fyp project\\fsktm-zkp-system\\backend\\src\\utils\\evaluationWorkflow.js": {"path":"D:\\STUDY\\fyp project\\fsktm-zkp-system\\backend\\src\\utils\\evaluationWorkflow.js","statementMap":{"0":{"start":{"line":1,"column":19},"end":{"line":1,"column":50}},"1":{"start":{"line":2,"column":18},"end":{"line":2,"column":48}},"2":{"start":{"line":3,"column":13},"end":{"line":3,"column":38}},"3":{"start":{"line":5,"column":23},"end":{"line":5,"column":25}},"4":{"start":{"line":6,"column":33},"end":{"line":6,"column":34}},"5":{"start":{"line":8,"column":17},"end":{"line":8,"column":61}},"6":{"start":{"line":8,"column":28},"end":{"line":8,"column":61}},"7":{"start":{"line":10,"column":17},"end":{"line":10,"column":69}},"8":{"start":{"line":10,"column":27},"end":{"line":10,"column":69}},"9":{"start":{"line":12,"column":29},"end":{"line":13,"column":49}},"10":{"start":{"line":13,"column":2},"end":{"line":13,"column":49}},"11":{"start":{"line":15,"column":30},"end":{"line":17,"column":78}},"12":{"start":{"line":16,"column":2},"end":{"line":17,"column":78}},"13":{"start":{"line":19,"column":25},"end":{"line":20,"column":83}},"14":{"start":{"line":20,"column":2},"end":{"line":20,"column":83}},"15":{"start":{"line":22,"column":21},"end":{"line":32,"column":1}},"16":{"start":{"line":23,"column":2},"end":{"line":25,"column":3}},"17":{"start":{"line":24,"column":4},"end":{"line":24,"column":48}},"18":{"start":{"line":27,"column":2},"end":{"line":29,"column":3}},"19":{"start":{"line":28,"column":4},"end":{"line":28,"column":42}},"20":{"start":{"line":31,"column":2},"end":{"line":31,"column":12}},"21":{"start":{"line":34,"column":32},"end":{"line":58,"column":1}},"22":{"start":{"line":35,"column":26},"end":{"line":35,"column":31}},"23":{"start":{"line":37,"column":2},"end":{"line":45,"column":3}},"24":{"start":{"line":38,"column":21},"end":{"line":38,"column":49}},"25":{"start":{"line":39,"column":4},"end":{"line":39,"column":35}},"26":{"start":{"line":39,"column":26},"end":{"line":39,"column":35}},"27":{"start":{"line":41,"column":4},"end":{"line":41,"column":29}},"28":{"start":{"line":42,"column":4},"end":{"line":44,"column":5}},"29":{"start":{"line":42,"column":37},"end":{"line":42,"column":70}},"30":{"start":{"line":43,"column":6},"end":{"line":43,"column":18}},"31":{"start":{"line":47,"column":2},"end":{"line":49,"column":3}},"32":{"start":{"line":48,"column":4},"end":{"line":48,"column":17}},"33":{"start":{"line":51,"column":2},"end":{"line":53,"column":3}},"34":{"start":{"line":51,"column":44},"end":{"line":51,"column":79}},"35":{"start":{"line":52,"column":4},"end":{"line":52,"column":16}},"36":{"start":{"line":55,"column":2},"end":{"line":57,"column":4}},"37":{"start":{"line":56,"column":20},"end":{"line":56,"column":69}},"38":{"start":{"line":60,"column":40},"end":{"line":105,"column":1}},"39":{"start":{"line":65,"column":20},"end":{"line":65,"column":68}},"40":{"start":{"line":66,"column":2},"end":{"line":66,"column":62}},"41":{"start":{"line":66,"column":52},"end":{"line":66,"column":62}},"42":{"start":{"line":68,"column":15},"end":{"line":75,"column":3}},"43":{"start":{"line":77,"column":23},"end":{"line":77,"column":32}},"44":{"start":{"line":78,"column":27},"end":{"line":90,"column":7}},"45":{"start":{"line":81,"column":18},"end":{"line":81,"column":35}},"46":{"start":{"line":82,"column":6},"end":{"line":82,"column":54}},"47":{"start":{"line":82,"column":41},"end":{"line":82,"column":54}},"48":{"start":{"line":83,"column":6},"end":{"line":83,"column":28}},"49":{"start":{"line":84,"column":6},"end":{"line":84,"column":18}},"50":{"start":{"line":86,"column":27},"end":{"line":90,"column":5}},"51":{"start":{"line":92,"column":18},"end":{"line":92,"column":78}},"52":{"start":{"line":93,"column":23},"end":{"line":93,"column":44}},"53":{"start":{"line":95,"column":2},"end":{"line":95,"column":45}},"54":{"start":{"line":95,"column":21},"end":{"line":95,"column":45}},"55":{"start":{"line":97,"column":2},"end":{"line":104,"column":4}},"56":{"start":{"line":107,"column":45},"end":{"line":247,"column":1}},"57":{"start":{"line":110,"column":26},"end":{"line":110,"column":80}},"58":{"start":{"line":111,"column":23},"end":{"line":113,"column":8}},"59":{"start":{"line":115,"column":19},"end":{"line":118,"column":11}},"60":{"start":{"line":120,"column":2},"end":{"line":122,"column":3}},"61":{"start":{"line":121,"column":4},"end":{"line":121,"column":65}},"62":{"start":{"line":124,"column":22},"end":{"line":140,"column":20}},"63":{"start":{"line":126,"column":22},"end":{"line":126,"column":82}},"64":{"start":{"line":127,"column":24},"end":{"line":127,"column":61}},"65":{"start":{"line":129,"column":6},"end":{"line":129,"column":34}},"66":{"start":{"line":129,"column":22},"end":{"line":129,"column":34}},"67":{"start":{"line":131,"column":6},"end":{"line":138,"column":8}},"68":{"start":{"line":142,"column":2},"end":{"line":144,"column":3}},"69":{"start":{"line":143,"column":4},"end":{"line":143,"column":65}},"70":{"start":{"line":146,"column":21},"end":{"line":146,"column":84}},"71":{"start":{"line":146,"column":58},"end":{"line":146,"column":81}},"72":{"start":{"line":147,"column":24},"end":{"line":147,"column":87}},"73":{"start":{"line":147,"column":61},"end":{"line":147,"column":84}},"74":{"start":{"line":149,"column":34},"end":{"line":155,"column":11}},"75":{"start":{"line":157,"column":24},"end":{"line":157,"column":33}},"76":{"start":{"line":158,"column":2},"end":{"line":162,"column":5}},"77":{"start":{"line":159,"column":16},"end":{"line":159,"column":80}},"78":{"start":{"line":160,"column":4},"end":{"line":160,"column":60}},"79":{"start":{"line":160,"column":33},"end":{"line":160,"column":60}},"80":{"start":{"line":161,"column":4},"end":{"line":161,"column":44}},"81":{"start":{"line":164,"column":19},"end":{"line":164,"column":21}},"82":{"start":{"line":165,"column":20},"end":{"line":165,"column":22}},"83":{"start":{"line":166,"column":20},"end":{"line":166,"column":22}},"84":{"start":{"line":168,"column":2},"end":{"line":228,"column":5}},"85":{"start":{"line":169,"column":16},"end":{"line":169,"column":66}},"86":{"start":{"line":170,"column":21},"end":{"line":170,"column":49}},"87":{"start":{"line":171,"column":22},"end":{"line":173,"column":5}},"88":{"start":{"line":172,"column":22},"end":{"line":172,"column":55}},"89":{"start":{"line":174,"column":20},"end":{"line":176,"column":5}},"90":{"start":{"line":175,"column":22},"end":{"line":175,"column":55}},"91":{"start":{"line":178,"column":4},"end":{"line":181,"column":5}},"92":{"start":{"line":179,"column":6},"end":{"line":179,"column":70}},"93":{"start":{"line":179,"column":38},"end":{"line":179,"column":68}},"94":{"start":{"line":180,"column":6},"end":{"line":180,"column":13}},"95":{"start":{"line":183,"column":25},"end":{"line":183,"column":51}},"96":{"start":{"line":184,"column":4},"end":{"line":187,"column":5}},"97":{"start":{"line":185,"column":6},"end":{"line":185,"column":70}},"98":{"start":{"line":185,"column":38},"end":{"line":185,"column":68}},"99":{"start":{"line":186,"column":6},"end":{"line":186,"column":13}},"100":{"start":{"line":189,"column":4},"end":{"line":201,"column":5}},"101":{"start":{"line":190,"column":6},"end":{"line":199,"column":9}},"102":{"start":{"line":200,"column":6},"end":{"line":200,"column":13}},"103":{"start":{"line":203,"column":32},"end":{"line":203,"column":39}},"104":{"start":{"line":205,"column":6},"end":{"line":208,"column":72}},"105":{"start":{"line":210,"column":4},"end":{"line":225,"column":5}},"106":{"start":{"line":211,"column":6},"end":{"line":224,"column":9}},"107":{"start":{"line":227,"column":4},"end":{"line":227,"column":67}},"108":{"start":{"line":227,"column":35},"end":{"line":227,"column":65}},"109":{"start":{"line":230,"column":2},"end":{"line":232,"column":3}},"110":{"start":{"line":231,"column":4},"end":{"line":231,"column":62}},"111":{"start":{"line":234,"column":2},"end":{"line":236,"column":3}},"112":{"start":{"line":235,"column":4},"end":{"line":235,"column":61}},"113":{"start":{"line":238,"column":2},"end":{"line":240,"column":3}},"114":{"start":{"line":239,"column":4},"end":{"line":239,"column":62}},"115":{"start":{"line":242,"column":2},"end":{"line":246,"column":4}},"116":{"start":{"line":249,"column":36},"end":{"line":295,"column":1}},"117":{"start":{"line":253,"column":26},"end":{"line":253,"column":66}},"118":{"start":{"line":254,"column":16},"end":{"line":256,"column":8}},"119":{"start":{"line":257,"column":29},"end":{"line":257,"column":51}},"120":{"start":{"line":259,"column":19},"end":{"line":262,"column":11}},"121":{"start":{"line":264,"column":2},"end":{"line":264,"column":33}},"122":{"start":{"line":264,"column":24},"end":{"line":264,"column":33}},"123":{"start":{"line":266,"column":29},"end":{"line":284,"column":4}},"124":{"start":{"line":269,"column":24},"end":{"line":269,"column":84}},"125":{"start":{"line":270,"column":26},"end":{"line":270,"column":63}},"126":{"start":{"line":271,"column":36},"end":{"line":271,"column":57}},"127":{"start":{"line":273,"column":8},"end":{"line":273,"column":34}},"128":{"start":{"line":273,"column":24},"end":{"line":273,"column":34}},"129":{"start":{"line":274,"column":8},"end":{"line":279,"column":9}},"130":{"start":{"line":278,"column":10},"end":{"line":278,"column":20}},"131":{"start":{"line":281,"column":8},"end":{"line":281,"column":35}},"132":{"start":{"line":286,"column":2},"end":{"line":286,"column":43}},"133":{"start":{"line":286,"column":34},"end":{"line":286,"column":43}},"134":{"start":{"line":288,"column":18},"end":{"line":290,"column":4}},"135":{"start":{"line":292,"column":2},"end":{"line":294,"column":4}},"136":{"start":{"line":297,"column":45},"end":{"line":313,"column":1}},"137":{"start":{"line":298,"column":19},"end":{"line":298,"column":59}},"138":{"start":{"line":300,"column":2},"end":{"line":302,"column":3}},"139":{"start":{"line":301,"column":4},"end":{"line":301,"column":67}},"140":{"start":{"line":304,"column":2},"end":{"line":306,"column":3}},"141":{"start":{"line":305,"column":4},"end":{"line":305,"column":67}},"142":{"start":{"line":308,"column":2},"end":{"line":310,"column":3}},"143":{"start":{"line":309,"column":4},"end":{"line":309,"column":41}},"144":{"start":{"line":312,"column":2},"end":{"line":312,"column":11}},"145":{"start":{"line":315,"column":34},"end":{"line":373,"column":1}},"146":{"start":{"line":316,"column":17},"end":{"line":316,"column":26}},"147":{"start":{"line":318,"column":2},"end":{"line":322,"column":5}},"148":{"start":{"line":319,"column":16},"end":{"line":319,"column":49}},"149":{"start":{"line":320,"column":4},"end":{"line":320,"column":46}},"150":{"start":{"line":320,"column":26},"end":{"line":320,"column":46}},"151":{"start":{"line":321,"column":4},"end":{"line":321,"column":37}},"152":{"start":{"line":324,"column":19},"end":{"line":324,"column":28}},"153":{"start":{"line":326,"column":2},"end":{"line":370,"column":5}},"154":{"start":{"line":327,"column":35},"end":{"line":330,"column":5}},"155":{"start":{"line":331,"column":35},"end":{"line":331,"column":76}},"156":{"start":{"line":332,"column":33},"end":{"line":334,"column":5}},"157":{"start":{"line":333,"column":22},"end":{"line":333,"column":55}},"158":{"start":{"line":335,"column":18},"end":{"line":339,"column":10}},"159":{"start":{"line":337,"column":31},"end":{"line":337,"column":60}},"160":{"start":{"line":338,"column":28},"end":{"line":338,"column":49}},"161":{"start":{"line":341,"column":24},"end":{"line":344,"column":61}},"162":{"start":{"line":346,"column":6},"end":{"line":348,"column":14}},"163":{"start":{"line":347,"column":38},"end":{"line":347,"column":48}},"164":{"start":{"line":349,"column":19},"end":{"line":353,"column":12}},"165":{"start":{"line":355,"column":4},"end":{"line":369,"column":7}},"166":{"start":{"line":372,"column":2},"end":{"line":372,"column":18}},"167":{"start":{"line":375,"column":37},"end":{"line":402,"column":1}},"168":{"start":{"line":376,"column":14},"end":{"line":376,"column":78}},"169":{"start":{"line":377,"column":17},"end":{"line":385,"column":3}},"170":{"start":{"line":387,"column":2},"end":{"line":387,"column":22}},"171":{"start":{"line":388,"column":2},"end":{"line":388,"column":35}},"172":{"start":{"line":389,"column":2},"end":{"line":389,"column":43}},"173":{"start":{"line":390,"column":2},"end":{"line":390,"column":25}},"174":{"start":{"line":391,"column":2},"end":{"line":391,"column":29}},"175":{"start":{"line":393,"column":2},"end":{"line":399,"column":3}},"176":{"start":{"line":394,"column":4},"end":{"line":394,"column":40}},"177":{"start":{"line":395,"column":4},"end":{"line":395,"column":36}},"178":{"start":{"line":396,"column":4},"end":{"line":396,"column":38}},"179":{"start":{"line":397,"column":4},"end":{"line":397,"column":43}},"180":{"start":{"line":398,"column":4},"end":{"line":398,"column":39}},"181":{"start":{"line":401,"column":2},"end":{"line":401,"column":13}},"182":{"start":{"line":404,"column":0},"end":{"line":414,"column":2}}},"fnMap":{"0":{"name":"(anonymous_0)","decl":{"start":{"line":8,"column":17},"end":{"line":8,"column":18}},"loc":{"start":{"line":8,"column":28},"end":{"line":8,"column":61}},"line":8},"1":{"name":"(anonymous_1)","decl":{"start":{"line":10,"column":17},"end":{"line":10,"column":18}},"loc":{"start":{"line":10,"column":27},"end":{"line":10,"column":69}},"line":10},"2":{"name":"(anonymous_2)","decl":{"start":{"line":12,"column":29},"end":{"line":12,"column":30}},"loc":{"start":{"line":13,"column":2},"end":{"line":13,"column":49}},"line":13},"3":{"name":"(anonymous_3)","decl":{"start":{"line":15,"column":30},"end":{"line":15,"column":31}},"loc":{"start":{"line":16,"column":2},"end":{"line":17,"column":78}},"line":16},"4":{"name":"(anonymous_4)","decl":{"start":{"line":19,"column":25},"end":{"line":19,"column":26}},"loc":{"start":{"line":20,"column":2},"end":{"line":20,"column":83}},"line":20},"5":{"name":"(anonymous_5)","decl":{"start":{"line":22,"column":21},"end":{"line":22,"column":22}},"loc":{"start":{"line":22,"column":37},"end":{"line":32,"column":1}},"line":22},"6":{"name":"(anonymous_6)","decl":{"start":{"line":34,"column":32},"end":{"line":34,"column":33}},"loc":{"start":{"line":34,"column":59},"end":{"line":58,"column":1}},"line":34},"7":{"name":"(anonymous_7)","decl":{"start":{"line":42,"column":22},"end":{"line":42,"column":23}},"loc":{"start":{"line":42,"column":37},"end":{"line":42,"column":70}},"line":42},"8":{"name":"(anonymous_8)","decl":{"start":{"line":51,"column":28},"end":{"line":51,"column":29}},"loc":{"start":{"line":51,"column":44},"end":{"line":51,"column":79}},"line":51},"9":{"name":"(anonymous_9)","decl":{"start":{"line":56,"column":4},"end":{"line":56,"column":5}},"loc":{"start":{"line":56,"column":20},"end":{"line":56,"column":69}},"line":56},"10":{"name":"(anonymous_10)","decl":{"start":{"line":60,"column":40},"end":{"line":60,"column":41}},"loc":{"start":{"line":64,"column":5},"end":{"line":105,"column":1}},"line":64},"11":{"name":"(anonymous_11)","decl":{"start":{"line":80,"column":12},"end":{"line":80,"column":13}},"loc":{"start":{"line":80,"column":25},"end":{"line":85,"column":5}},"line":80},"12":{"name":"(anonymous_12)","decl":{"start":{"line":86,"column":9},"end":{"line":86,"column":10}},"loc":{"start":{"line":86,"column":27},"end":{"line":90,"column":5}},"line":86},"13":{"name":"(anonymous_13)","decl":{"start":{"line":107,"column":45},"end":{"line":107,"column":46}},"loc":{"start":{"line":109,"column":11},"end":{"line":247,"column":1}},"line":109},"14":{"name":"(anonymous_14)","decl":{"start":{"line":125,"column":9},"end":{"line":125,"column":10}},"loc":{"start":{"line":125,"column":22},"end":{"line":139,"column":5}},"line":125},"15":{"name":"(anonymous_15)","decl":{"start":{"line":146,"column":49},"end":{"line":146,"column":50}},"loc":{"start":{"line":146,"column":58},"end":{"line":146,"column":81}},"line":146},"16":{"name":"(anonymous_16)","decl":{"start":{"line":147,"column":52},"end":{"line":147,"column":53}},"loc":{"start":{"line":147,"column":61},"end":{"line":147,"column":84}},"line":147},"17":{"name":"(anonymous_17)","decl":{"start":{"line":158,"column":34},"end":{"line":158,"column":35}},"loc":{"start":{"line":158,"column":50},"end":{"line":162,"column":3}},"line":158},"18":{"name":"(anonymous_18)","decl":{"start":{"line":168,"column":22},"end":{"line":168,"column":23}},"loc":{"start":{"line":168,"column":31},"end":{"line":228,"column":3}},"line":168},"19":{"name":"(anonymous_19)","decl":{"start":{"line":172,"column":6},"end":{"line":172,"column":7}},"loc":{"start":{"line":172,"column":22},"end":{"line":172,"column":55}},"line":172},"20":{"name":"(anonymous_20)","decl":{"start":{"line":175,"column":6},"end":{"line":175,"column":7}},"loc":{"start":{"line":175,"column":22},"end":{"line":175,"column":55}},"line":175},"21":{"name":"(anonymous_21)","decl":{"start":{"line":179,"column":22},"end":{"line":179,"column":23}},"loc":{"start":{"line":179,"column":38},"end":{"line":179,"column":68}},"line":179},"22":{"name":"(anonymous_22)","decl":{"start":{"line":185,"column":22},"end":{"line":185,"column":23}},"loc":{"start":{"line":185,"column":38},"end":{"line":185,"column":68}},"line":185},"23":{"name":"(anonymous_23)","decl":{"start":{"line":227,"column":19},"end":{"line":227,"column":20}},"loc":{"start":{"line":227,"column":35},"end":{"line":227,"column":65}},"line":227},"24":{"name":"(anonymous_24)","decl":{"start":{"line":249,"column":36},"end":{"line":249,"column":37}},"loc":{"start":{"line":252,"column":11},"end":{"line":295,"column":1}},"line":252},"25":{"name":"(anonymous_25)","decl":{"start":{"line":268,"column":11},"end":{"line":268,"column":12}},"loc":{"start":{"line":268,"column":24},"end":{"line":282,"column":7}},"line":268},"26":{"name":"(anonymous_26)","decl":{"start":{"line":297,"column":45},"end":{"line":297,"column":46}},"loc":{"start":{"line":297,"column":68},"end":{"line":313,"column":1}},"line":297},"27":{"name":"(anonymous_27)","decl":{"start":{"line":315,"column":34},"end":{"line":315,"column":35}},"loc":{"start":{"line":315,"column":56},"end":{"line":373,"column":1}},"line":315},"28":{"name":"(anonymous_28)","decl":{"start":{"line":318,"column":22},"end":{"line":318,"column":23}},"loc":{"start":{"line":318,"column":38},"end":{"line":322,"column":3}},"line":318},"29":{"name":"(anonymous_29)","decl":{"start":{"line":326,"column":17},"end":{"line":326,"column":18}},"loc":{"start":{"line":326,"column":44},"end":{"line":370,"column":3}},"line":326},"30":{"name":"(anonymous_30)","decl":{"start":{"line":333,"column":6},"end":{"line":333,"column":7}},"loc":{"start":{"line":333,"column":22},"end":{"line":333,"column":55}},"line":333},"31":{"name":"(anonymous_31)","decl":{"start":{"line":337,"column":15},"end":{"line":337,"column":16}},"loc":{"start":{"line":337,"column":31},"end":{"line":337,"column":60}},"line":337},"32":{"name":"(anonymous_32)","decl":{"start":{"line":338,"column":18},"end":{"line":338,"column":19}},"loc":{"start":{"line":338,"column":28},"end":{"line":338,"column":49}},"line":338},"33":{"name":"(anonymous_33)","decl":{"start":{"line":347,"column":23},"end":{"line":347,"column":24}},"loc":{"start":{"line":347,"column":38},"end":{"line":347,"column":48}},"line":347},"34":{"name":"(anonymous_34)","decl":{"start":{"line":375,"column":37},"end":{"line":375,"column":38}},"loc":{"start":{"line":375,"column":62},"end":{"line":402,"column":1}},"line":375}},"branchMap":{"0":{"loc":{"start":{"line":8,"column":35},"end":{"line":8,"column":60}},"type":"binary-expr","locations":[{"start":{"line":8,"column":35},"end":{"line":8,"column":45}},{"start":{"line":8,"column":49},"end":{"line":8,"column":54}},{"start":{"line":8,"column":58},"end":{"line":8,"column":60}}],"line":8},"1":{"loc":{"start":{"line":10,"column":27},"end":{"line":10,"column":69}},"type":"binary-expr","locations":[{"start":{"line":10,"column":27},"end":{"line":10,"column":38}},{"start":{"line":10,"column":42},"end":{"line":10,"column":69}}],"line":10},"2":{"loc":{"start":{"line":16,"column":2},"end":{"line":17,"column":78}},"type":"binary-expr","locations":[{"start":{"line":16,"column":2},"end":{"line":16,"column":32}},{"start":{"line":17,"column":2},"end":{"line":17,"column":78}}],"line":16},"3":{"loc":{"start":{"line":17,"column":5},"end":{"line":17,"column":40}},"type":"binary-expr","locations":[{"start":{"line":17,"column":5},"end":{"line":17,"column":27}},{"start":{"line":17,"column":31},"end":{"line":17,"column":40}}],"line":17},"4":{"loc":{"start":{"line":17,"column":44},"end":{"line":17,"column":76}},"type":"binary-expr","locations":[{"start":{"line":17,"column":44},"end":{"line":17,"column":63}},{"start":{"line":17,"column":67},"end":{"line":17,"column":76}}],"line":17},"5":{"loc":{"start":{"line":20,"column":2},"end":{"line":20,"column":83}},"type":"cond-expr","locations":[{"start":{"line":20,"column":50},"end":{"line":20,"column":78}},{"start":{"line":20,"column":81},"end":{"line":20,"column":83}}],"line":20},"6":{"loc":{"start":{"line":23,"column":2},"end":{"line":25,"column":3}},"type":"if","locations":[{"start":{"line":23,"column":2},"end":{"line":25,"column":3}},{"start":{},"end":{}}],"line":23},"7":{"loc":{"start":{"line":27,"column":2},"end":{"line":29,"column":3}},"type":"if","locations":[{"start":{"line":27,"column":2},"end":{"line":29,"column":3}},{"start":{},"end":{}}],"line":27},"8":{"loc":{"start":{"line":27,"column":6},"end":{"line":27,"column":65}},"type":"binary-expr","locations":[{"start":{"line":27,"column":6},"end":{"line":27,"column":24}},{"start":{"line":27,"column":28},"end":{"line":27,"column":65}}],"line":27},"9":{"loc":{"start":{"line":34,"column":33},"end":{"line":34,"column":54}},"type":"default-arg","locations":[{"start":{"line":34,"column":52},"end":{"line":34,"column":54}}],"line":34},"10":{"loc":{"start":{"line":39,"column":4},"end":{"line":39,"column":35}},"type":"if","locations":[{"start":{"line":39,"column":4},"end":{"line":39,"column":35}},{"start":{},"end":{}}],"line":39},"11":{"loc":{"start":{"line":42,"column":4},"end":{"line":44,"column":5}},"type":"if","locations":[{"start":{"line":42,"column":4},"end":{"line":44,"column":5}},{"start":{},"end":{}}],"line":42},"12":{"loc":{"start":{"line":47,"column":2},"end":{"line":49,"column":3}},"type":"if","locations":[{"start":{"line":47,"column":2},"end":{"line":49,"column":3}},{"start":{},"end":{}}],"line":47},"13":{"loc":{"start":{"line":51,"column":2},"end":{"line":53,"column":3}},"type":"if","locations":[{"start":{"line":51,"column":2},"end":{"line":53,"column":3}},{"start":{},"end":{}}],"line":51},"14":{"loc":{"start":{"line":62,"column":2},"end":{"line":62,"column":14}},"type":"default-arg","locations":[{"start":{"line":62,"column":12},"end":{"line":62,"column":14}}],"line":62},"15":{"loc":{"start":{"line":65,"column":20},"end":{"line":65,"column":68}},"type":"binary-expr","locations":[{"start":{"line":65,"column":20},"end":{"line":65,"column":41}},{"start":{"line":65,"column":45},"end":{"line":65,"column":68}}],"line":65},"16":{"loc":{"start":{"line":66,"column":2},"end":{"line":66,"column":62}},"type":"if","locations":[{"start":{"line":66,"column":2},"end":{"line":66,"column":62}},{"start":{},"end":{}}],"line":66},"17":{"loc":{"start":{"line":66,"column":6},"end":{"line":66,"column":50}},"type":"binary-expr","locations":[{"start":{"line":66,"column":6},"end":{"line":66,"column":16}},{"start":{"line":66,"column":20},"end":{"line":66,"column":50}}],"line":66},"18":{"loc":{"start":{"line":72,"column":14},"end":{"line":72,"column":75}},"type":"binary-expr","locations":[{"start":{"line":72,"column":14},"end":{"line":72,"column":22}},{"start":{"line":72,"column":26},"end":{"line":72,"column":42}},{"start":{"line":72,"column":46},"end":{"line":72,"column":69}},{"start":{"line":72,"column":73},"end":{"line":72,"column":75}}],"line":72},"19":{"loc":{"start":{"line":82,"column":6},"end":{"line":82,"column":54}},"type":"if","locations":[{"start":{"line":82,"column":6},"end":{"line":82,"column":54}},{"start":{},"end":{}}],"line":82},"20":{"loc":{"start":{"line":82,"column":10},"end":{"line":82,"column":39}},"type":"binary-expr","locations":[{"start":{"line":82,"column":10},"end":{"line":82,"column":14}},{"start":{"line":82,"column":18},"end":{"line":82,"column":39}}],"line":82},"21":{"loc":{"start":{"line":95,"column":2},"end":{"line":95,"column":45}},"type":"if","locations":[{"start":{"line":95,"column":2},"end":{"line":95,"column":45}},{"start":{},"end":{}}],"line":95},"22":{"loc":{"start":{"line":107,"column":52},"end":{"line":109,"column":6}},"type":"default-arg","locations":[{"start":{"line":109,"column":4},"end":{"line":109,"column":6}}],"line":107},"23":{"loc":{"start":{"line":108,"column":2},"end":{"line":108,"column":17}},"type":"default-arg","locations":[{"start":{"line":108,"column":15},"end":{"line":108,"column":17}}],"line":108},"24":{"loc":{"start":{"line":111,"column":23},"end":{"line":113,"column":8}},"type":"cond-expr","locations":[{"start":{"line":112,"column":6},"end":{"line":112,"column":44}},{"start":{"line":113,"column":6},"end":{"line":113,"column":8}}],"line":111},"25":{"loc":{"start":{"line":120,"column":2},"end":{"line":122,"column":3}},"type":"if","locations":[{"start":{"line":120,"column":2},"end":{"line":122,"column":3}},{"start":{},"end":{}}],"line":120},"26":{"loc":{"start":{"line":126,"column":22},"end":{"line":126,"column":82}},"type":"cond-expr","locations":[{"start":{"line":126,"column":56},"end":{"line":126,"column":75}},{"start":{"line":126,"column":78},"end":{"line":126,"column":82}}],"line":126},"27":{"loc":{"start":{"line":127,"column":24},"end":{"line":127,"column":61}},"type":"binary-expr","locations":[{"start":{"line":127,"column":24},"end":{"line":127,"column":36}},{"start":{"line":127,"column":40},"end":{"line":127,"column":61}}],"line":127},"28":{"loc":{"start":{"line":129,"column":6},"end":{"line":129,"column":34}},"type":"if","locations":[{"start":{"line":129,"column":6},"end":{"line":129,"column":34}},{"start":{},"end":{}}],"line":129},"29":{"loc":{"start":{"line":134,"column":22},"end":{"line":134,"column":51}},"type":"binary-expr","locations":[{"start":{"line":134,"column":22},"end":{"line":134,"column":43}},{"start":{"line":134,"column":47},"end":{"line":134,"column":51}}],"line":134},"30":{"loc":{"start":{"line":135,"column":18},"end":{"line":135,"column":42}},"type":"binary-expr","locations":[{"start":{"line":135,"column":18},"end":{"line":135,"column":34}},{"start":{"line":135,"column":38},"end":{"line":135,"column":42}}],"line":135},"31":{"loc":{"start":{"line":136,"column":18},"end":{"line":136,"column":47}},"type":"binary-expr","locations":[{"start":{"line":136,"column":18},"end":{"line":136,"column":41}},{"start":{"line":136,"column":45},"end":{"line":136,"column":47}}],"line":136},"32":{"loc":{"start":{"line":137,"column":21},"end":{"line":137,"column":46}},"type":"binary-expr","locations":[{"start":{"line":137,"column":21},"end":{"line":137,"column":40}},{"start":{"line":137,"column":44},"end":{"line":137,"column":46}}],"line":137},"33":{"loc":{"start":{"line":142,"column":2},"end":{"line":144,"column":3}},"type":"if","locations":[{"start":{"line":142,"column":2},"end":{"line":144,"column":3}},{"start":{},"end":{}}],"line":142},"34":{"loc":{"start":{"line":160,"column":4},"end":{"line":160,"column":60}},"type":"if","locations":[{"start":{"line":160,"column":4},"end":{"line":160,"column":60}},{"start":{},"end":{}}],"line":160},"35":{"loc":{"start":{"line":170,"column":21},"end":{"line":170,"column":49}},"type":"binary-expr","locations":[{"start":{"line":170,"column":21},"end":{"line":170,"column":43}},{"start":{"line":170,"column":47},"end":{"line":170,"column":49}}],"line":170},"36":{"loc":{"start":{"line":178,"column":4},"end":{"line":181,"column":5}},"type":"if","locations":[{"start":{"line":178,"column":4},"end":{"line":181,"column":5}},{"start":{},"end":{}}],"line":178},"37":{"loc":{"start":{"line":184,"column":4},"end":{"line":187,"column":5}},"type":"if","locations":[{"start":{"line":184,"column":4},"end":{"line":187,"column":5}},{"start":{},"end":{}}],"line":184},"38":{"loc":{"start":{"line":189,"column":4},"end":{"line":201,"column":5}},"type":"if","locations":[{"start":{"line":189,"column":4},"end":{"line":201,"column":5}},{"start":{},"end":{}}],"line":189},"39":{"loc":{"start":{"line":205,"column":6},"end":{"line":208,"column":72}},"type":"binary-expr","locations":[{"start":{"line":205,"column":6},"end":{"line":205,"column":53}},{"start":{"line":206,"column":6},"end":{"line":206,"column":46}},{"start":{"line":207,"column":6},"end":{"line":207,"column":66}},{"start":{"line":208,"column":6},"end":{"line":208,"column":72}}],"line":205},"40":{"loc":{"start":{"line":207,"column":13},"end":{"line":207,"column":34}},"type":"binary-expr","locations":[{"start":{"line":207,"column":13},"end":{"line":207,"column":28}},{"start":{"line":207,"column":32},"end":{"line":207,"column":34}}],"line":207},"41":{"loc":{"start":{"line":207,"column":47},"end":{"line":207,"column":65}},"type":"binary-expr","locations":[{"start":{"line":207,"column":47},"end":{"line":207,"column":59}},{"start":{"line":207,"column":63},"end":{"line":207,"column":65}}],"line":207},"42":{"loc":{"start":{"line":208,"column":13},"end":{"line":208,"column":37}},"type":"binary-expr","locations":[{"start":{"line":208,"column":13},"end":{"line":208,"column":31}},{"start":{"line":208,"column":35},"end":{"line":208,"column":37}}],"line":208},"43":{"loc":{"start":{"line":208,"column":50},"end":{"line":208,"column":71}},"type":"binary-expr","locations":[{"start":{"line":208,"column":50},"end":{"line":208,"column":65}},{"start":{"line":208,"column":69},"end":{"line":208,"column":71}}],"line":208},"44":{"loc":{"start":{"line":210,"column":4},"end":{"line":225,"column":5}},"type":"if","locations":[{"start":{"line":210,"column":4},"end":{"line":225,"column":5}},{"start":{},"end":{}}],"line":210},"45":{"loc":{"start":{"line":230,"column":2},"end":{"line":232,"column":3}},"type":"if","locations":[{"start":{"line":230,"column":2},"end":{"line":232,"column":3}},{"start":{},"end":{}}],"line":230},"46":{"loc":{"start":{"line":234,"column":2},"end":{"line":236,"column":3}},"type":"if","locations":[{"start":{"line":234,"column":2},"end":{"line":236,"column":3}},{"start":{},"end":{}}],"line":234},"47":{"loc":{"start":{"line":238,"column":2},"end":{"line":240,"column":3}},"type":"if","locations":[{"start":{"line":238,"column":2},"end":{"line":240,"column":3}},{"start":{},"end":{}}],"line":238},"48":{"loc":{"start":{"line":249,"column":43},"end":{"line":252,"column":6}},"type":"default-arg","locations":[{"start":{"line":252,"column":4},"end":{"line":252,"column":6}}],"line":249},"49":{"loc":{"start":{"line":250,"column":2},"end":{"line":250,"column":17}},"type":"default-arg","locations":[{"start":{"line":250,"column":15},"end":{"line":250,"column":17}}],"line":250},"50":{"loc":{"start":{"line":251,"column":2},"end":{"line":251,"column":21}},"type":"default-arg","locations":[{"start":{"line":251,"column":17},"end":{"line":251,"column":21}}],"line":251},"51":{"loc":{"start":{"line":254,"column":16},"end":{"line":256,"column":8}},"type":"cond-expr","locations":[{"start":{"line":255,"column":6},"end":{"line":255,"column":44}},{"start":{"line":256,"column":6},"end":{"line":256,"column":8}}],"line":254},"52":{"loc":{"start":{"line":264,"column":2},"end":{"line":264,"column":33}},"type":"if","locations":[{"start":{"line":264,"column":2},"end":{"line":264,"column":33}},{"start":{},"end":{}}],"line":264},"53":{"loc":{"start":{"line":269,"column":24},"end":{"line":269,"column":84}},"type":"cond-expr","locations":[{"start":{"line":269,"column":58},"end":{"line":269,"column":77}},{"start":{"line":269,"column":80},"end":{"line":269,"column":84}}],"line":269},"54":{"loc":{"start":{"line":270,"column":26},"end":{"line":270,"column":63}},"type":"binary-expr","locations":[{"start":{"line":270,"column":26},"end":{"line":270,"column":38}},{"start":{"line":270,"column":42},"end":{"line":270,"column":63}}],"line":270},"55":{"loc":{"start":{"line":273,"column":8},"end":{"line":273,"column":34}},"type":"if","locations":[{"start":{"line":273,"column":8},"end":{"line":273,"column":34}},{"start":{},"end":{}}],"line":273},"56":{"loc":{"start":{"line":274,"column":8},"end":{"line":279,"column":9}},"type":"if","locations":[{"start":{"line":274,"column":8},"end":{"line":279,"column":9}},{"start":{},"end":{}}],"line":274},"57":{"loc":{"start":{"line":275,"column":10},"end":{"line":276,"column":60}},"type":"binary-expr","locations":[{"start":{"line":275,"column":10},"end":{"line":275,"column":28}},{"start":{"line":276,"column":10},"end":{"line":276,"column":60}}],"line":275},"58":{"loc":{"start":{"line":286,"column":2},"end":{"line":286,"column":43}},"type":"if","locations":[{"start":{"line":286,"column":2},"end":{"line":286,"column":43}},{"start":{},"end":{}}],"line":286},"59":{"loc":{"start":{"line":297,"column":52},"end":{"line":297,"column":63}},"type":"default-arg","locations":[{"start":{"line":297,"column":61},"end":{"line":297,"column":63}}],"line":297},"60":{"loc":{"start":{"line":298,"column":19},"end":{"line":298,"column":59}},"type":"binary-expr","locations":[{"start":{"line":298,"column":19},"end":{"line":298,"column":28}},{"start":{"line":298,"column":32},"end":{"line":298,"column":42}},{"start":{"line":298,"column":46},"end":{"line":298,"column":59}}],"line":298},"61":{"loc":{"start":{"line":300,"column":2},"end":{"line":302,"column":3}},"type":"if","locations":[{"start":{"line":300,"column":2},"end":{"line":302,"column":3}},{"start":{},"end":{}}],"line":300},"62":{"loc":{"start":{"line":304,"column":2},"end":{"line":306,"column":3}},"type":"if","locations":[{"start":{"line":304,"column":2},"end":{"line":306,"column":3}},{"start":{},"end":{}}],"line":304},"63":{"loc":{"start":{"line":308,"column":2},"end":{"line":310,"column":3}},"type":"if","locations":[{"start":{"line":308,"column":2},"end":{"line":310,"column":3}},{"start":{},"end":{}}],"line":308},"64":{"loc":{"start":{"line":315,"column":35},"end":{"line":315,"column":51}},"type":"default-arg","locations":[{"start":{"line":315,"column":49},"end":{"line":315,"column":51}}],"line":315},"65":{"loc":{"start":{"line":320,"column":4},"end":{"line":320,"column":46}},"type":"if","locations":[{"start":{"line":320,"column":4},"end":{"line":320,"column":46}},{"start":{},"end":{}}],"line":320},"66":{"loc":{"start":{"line":335,"column":18},"end":{"line":339,"column":10}},"type":"cond-expr","locations":[{"start":{"line":336,"column":8},"end":{"line":338,"column":50}},{"start":{"line":339,"column":8},"end":{"line":339,"column":10}}],"line":335},"67":{"loc":{"start":{"line":341,"column":24},"end":{"line":344,"column":61}},"type":"cond-expr","locations":[{"start":{"line":342,"column":8},"end":{"line":343,"column":46}},{"start":{"line":344,"column":8},"end":{"line":344,"column":61}}],"line":341},"68":{"loc":{"start":{"line":342,"column":8},"end":{"line":343,"column":46}},"type":"binary-expr","locations":[{"start":{"line":342,"column":8},"end":{"line":342,"column":61}},{"start":{"line":343,"column":8},"end":{"line":343,"column":46}}],"line":342},"69":{"loc":{"start":{"line":346,"column":6},"end":{"line":348,"column":14}},"type":"cond-expr","locations":[{"start":{"line":347,"column":10},"end":{"line":347,"column":67}},{"start":{"line":348,"column":10},"end":{"line":348,"column":14}}],"line":346},"70":{"loc":{"start":{"line":346,"column":6},"end":{"line":346,"column":43}},"type":"binary-expr","locations":[{"start":{"line":346,"column":6},"end":{"line":346,"column":28}},{"start":{"line":346,"column":32},"end":{"line":346,"column":43}}],"line":346},"71":{"loc":{"start":{"line":349,"column":19},"end":{"line":353,"column":12}},"type":"cond-expr","locations":[{"start":{"line":350,"column":8},"end":{"line":352,"column":15}},{"start":{"line":353,"column":8},"end":{"line":353,"column":12}}],"line":349},"72":{"loc":{"start":{"line":350,"column":8},"end":{"line":352,"column":15}},"type":"cond-expr","locations":[{"start":{"line":351,"column":10},"end":{"line":351,"column":40}},{"start":{"line":352,"column":10},"end":{"line":352,"column":15}}],"line":350},"73":{"loc":{"start":{"line":357,"column":14},"end":{"line":363,"column":19}},"type":"cond-expr","locations":[{"start":{"line":358,"column":10},"end":{"line":362,"column":23}},{"start":{"line":363,"column":10},"end":{"line":363,"column":19}}],"line":357},"74":{"loc":{"start":{"line":358,"column":10},"end":{"line":362,"column":23}},"type":"cond-expr","locations":[{"start":{"line":359,"column":12},"end":{"line":361,"column":20}},{"start":{"line":362,"column":12},"end":{"line":362,"column":23}}],"line":358},"75":{"loc":{"start":{"line":359,"column":12},"end":{"line":361,"column":20}},"type":"cond-expr","locations":[{"start":{"line":360,"column":14},"end":{"line":360,"column":20}},{"start":{"line":361,"column":14},"end":{"line":361,"column":20}}],"line":359},"76":{"loc":{"start":{"line":365,"column":21},"end":{"line":365,"column":67}},"type":"cond-expr","locations":[{"start":{"line":365,"column":46},"end":{"line":365,"column":60}},{"start":{"line":365,"column":63},"end":{"line":365,"column":67}}],"line":365},"77":{"loc":{"start":{"line":376,"column":14},"end":{"line":376,"column":78}},"type":"cond-expr","locations":[{"start":{"line":376,"column":37},"end":{"line":376,"column":58}},{"start":{"line":376,"column":61},"end":{"line":376,"column":78}}],"line":376},"78":{"loc":{"start":{"line":377,"column":17},"end":{"line":385,"column":3}},"type":"binary-expr","locations":[{"start":{"line":377,"column":17},"end":{"line":377,"column":24}},{"start":{"line":377,"column":28},"end":{"line":385,"column":3}}],"line":377},"79":{"loc":{"start":{"line":393,"column":2},"end":{"line":399,"column":3}},"type":"if","locations":[{"start":{"line":393,"column":2},"end":{"line":399,"column":3}},{"start":{},"end":{}}],"line":393}},"s":{"0":1,"1":1,"2":1,"3":1,"4":1,"5":1,"6":12,"7":1,"8":0,"9":1,"10":0,"11":1,"12":12,"13":1,"14":6,"15":1,"16":0,"17":0,"18":0,"19":0,"20":0,"21":1,"22":4,"23":4,"24":6,"25":6,"26":0,"27":6,"28":6,"29":6,"30":3,"31":1,"32":1,"33":0,"34":0,"35":0,"36":0,"37":0,"38":1,"39":0,"40":0,"41":0,"42":0,"43":0,"44":0,"45":0,"46":0,"47":0,"48":0,"49":0,"50":0,"51":0,"52":0,"53":0,"54":0,"55":0,"56":1,"57":0,"58":0,"59":0,"60":0,"61":0,"62":0,"63":0,"64":0,"65":0,"66":0,"67":0,"68":0,"69":0,"70":0,"71":0,"72":0,"73":0,"74":0,"75":0,"76":0,"77":0,"78":0,"79":0,"80":0,"81":0,"82":0,"83":0,"84":0,"85":0,"86":0,"87":0,"88":0,"89":0,"90":0,"91":0,"92":0,"93":0,"94":0,"95":0,"96":0,"97":0,"98":0,"99":0,"100":0,"101":0,"102":0,"103":0,"104":0,"105":0,"106":0,"107":0,"108":0,"109":0,"110":0,"111":0,"112":0,"113":0,"114":0,"115":0,"116":1,"117":0,"118":0,"119":0,"120":0,"121":0,"122":0,"123":0,"124":0,"125":0,"126":0,"127":0,"128":0,"129":0,"130":0,"131":0,"132":0,"133":0,"134":0,"135":0,"136":1,"137":0,"138":0,"139":0,"140":0,"141":0,"142":0,"143":0,"144":0,"145":1,"146":4,"147":4,"148":12,"149":12,"150":4,"151":12,"152":4,"153":4,"154":4,"155":4,"156":4,"157":12,"158":4,"159":8,"160":8,"161":4,"162":4,"163":6,"164":4,"165":4,"166":4,"167":1,"168":1,"169":1,"170":1,"171":1,"172":1,"173":1,"174":1,"175":1,"176":1,"177":1,"178":1,"179":1,"180":1,"181":1,"182":1},"f":{"0":12,"1":0,"2":0,"3":12,"4":6,"5":0,"6":4,"7":6,"8":0,"9":0,"10":0,"11":0,"12":0,"13":0,"14":0,"15":0,"16":0,"17":0,"18":0,"19":0,"20":0,"21":0,"22":0,"23":0,"24":0,"25":0,"26":0,"27":4,"28":12,"29":4,"30":12,"31":8,"32":8,"33":6,"34":1},"b":{"0":[12,12,0],"1":[0,0],"2":[12,0],"3":[0,0],"4":[0,0],"5":[6,0],"6":[0,0],"7":[0,0],"8":[0,0],"9":[0],"10":[0,6],"11":[3,3],"12":[1,0],"13":[0,0],"14":[0],"15":[0,0],"16":[0,0],"17":[0,0],"18":[0,0,0,0],"19":[0,0],"20":[0,0],"21":[0,0],"22":[0],"23":[0],"24":[0,0],"25":[0,0],"26":[0,0],"27":[0,0],"28":[0,0],"29":[0,0],"30":[0,0],"31":[0,0],"32":[0,0],"33":[0,0],"34":[0,0],"35":[0,0],"36":[0,0],"37":[0,0],"38":[0,0],"39":[0,0,0,0],"40":[0,0],"41":[0,0],"42":[0,0],"43":[0,0],"44":[0,0],"45":[0,0],"46":[0,0],"47":[0,0],"48":[0],"49":[0],"50":[0],"51":[0,0],"52":[0,0],"53":[0,0],"54":[0,0],"55":[0,0],"56":[0,0],"57":[0,0],"58":[0,0],"59":[0],"60":[0,0,0],"61":[0,0],"62":[0,0],"63":[0,0],"64":[0],"65":[4,8],"66":[3,1],"67":[3,1],"68":[3,2],"69":[2,2],"70":[4,3],"71":[3,1],"72":[2,1],"73":[3,1],"74":[2,1],"75":[1,1],"76":[3,1],"77":[1,0],"78":[1,0],"79":[1,0]},"_coverageSchema":"1a1c01bbd47fc00a2c39e90264f33305004495a9","hash":"1c1d07f176290e33af2965b1b941bee80286be1c"}
}
