TN:
SF:src\models\Evaluation.js
FNF:0
FNH:0
DA:1,1
DA:3,1
DA:74,1
DA:81,1
LF:4
LH:4
BRF:0
BRH:0
end_of_record
TN:
SF:src\models\Timetable.js
FNF:0
FNH:0
DA:1,1
DA:3,1
DA:213,1
LF:3
LH:3
BRF:0
BRH:0
end_of_record
TN:
SF:src\models\User.js
FN:79,(anonymous_0)
FNF:1
FNH:0
FNDA:0,(anonymous_0)
DA:1,1
DA:3,1
DA:79,1
DA:80,0
DA:83,1
LF:5
LH:4
BRF:0
BRH:0
end_of_record
TN:
SF:src\utils\evaluationWorkflow.js
FN:8,(anonymous_0)
FN:10,(anonymous_1)
FN:12,(anonymous_2)
FN:16,(anonymous_3)
FN:19,(anonymous_4)
FN:31,(anonymous_5)
FN:39,(anonymous_6)
FN:48,(anonymous_7)
FN:53,(anonymous_8)
FN:57,(anonymous_9)
FN:77,(anonymous_10)
FN:83,(anonymous_11)
FN:104,(anonymous_12)
FN:120,(anonymous_13)
FN:143,(anonymous_14)
FN:151,(anonymous_15)
FN:159,(anonymous_16)
FN:173,(anonymous_17)
FN:191,(anonymous_18)
FN:194,(anonymous_19)
FN:202,(anonymous_20)
FN:209,(anonymous_21)
FN:213,(anonymous_22)
FN:214,(anonymous_23)
FN:223,(anonymous_24)
FN:251,(anonymous_25)
FNF:26
FNH:13
FNDA:12,(anonymous_0)
FNDA:0,(anonymous_1)
FNDA:12,(anonymous_2)
FNDA:6,(anonymous_3)
FNDA:0,(anonymous_4)
FNDA:4,(anonymous_5)
FNDA:6,(anonymous_6)
FNDA:0,(anonymous_7)
FNDA:0,(anonymous_8)
FNDA:0,(anonymous_9)
FNDA:0,(anonymous_10)
FNDA:0,(anonymous_11)
FNDA:0,(anonymous_12)
FNDA:0,(anonymous_13)
FNDA:0,(anonymous_14)
FNDA:0,(anonymous_15)
FNDA:0,(anonymous_16)
FNDA:0,(anonymous_17)
FNDA:4,(anonymous_18)
FNDA:12,(anonymous_19)
FNDA:4,(anonymous_20)
FNDA:12,(anonymous_21)
FNDA:8,(anonymous_22)
FNDA:8,(anonymous_23)
FNDA:6,(anonymous_24)
FNDA:1,(anonymous_25)
DA:1,1
DA:2,1
DA:3,1
DA:5,1
DA:6,1
DA:8,12
DA:10,1
DA:12,1
DA:13,12
DA:16,1
DA:17,6
DA:19,1
DA:20,0
DA:21,0
DA:24,0
DA:25,0
DA:28,0
DA:31,1
DA:32,4
DA:34,4
DA:35,6
DA:36,6
DA:38,6
DA:39,6
DA:40,3
DA:44,1
DA:45,1
DA:48,0
DA:49,0
DA:52,0
DA:53,0
DA:57,1
DA:62,0
DA:63,0
DA:65,0
DA:74,0
DA:75,0
DA:78,0
DA:79,0
DA:80,0
DA:81,0
DA:83,0
DA:89,0
DA:90,0
DA:92,0
DA:94,0
DA:104,1
DA:108,0
DA:109,0
DA:110,0
DA:112,0
DA:116,0
DA:118,0
DA:120,0
DA:121,0
DA:122,0
DA:123,0
DA:125,0
DA:126,0
DA:128,0
DA:140,0
DA:142,0
DA:143,0
DA:149,0
DA:152,0
DA:158,0
DA:160,0
DA:167,0
DA:169,0
DA:170,0
DA:173,1
DA:174,0
DA:176,0
DA:177,0
DA:180,0
DA:181,0
DA:184,0
DA:185,0
DA:188,0
DA:191,1
DA:192,4
DA:194,4
DA:195,12
DA:196,12
DA:197,12
DA:200,4
DA:202,4
DA:203,4
DA:207,4
DA:208,4
DA:209,12
DA:211,4
DA:213,8
DA:214,8
DA:217,4
DA:222,4
DA:223,6
DA:225,4
DA:231,4
DA:248,4
DA:251,1
DA:252,1
DA:253,1
DA:263,1
DA:264,1
DA:265,1
DA:266,1
DA:267,1
DA:269,1
DA:270,1
DA:271,1
DA:272,1
DA:273,1
DA:274,1
DA:277,1
DA:280,1
LF:116
LH:62
BRDA:8,0,0,12
BRDA:8,0,1,12
BRDA:8,0,2,0
BRDA:10,1,0,0
BRDA:10,1,1,0
BRDA:13,2,0,12
BRDA:13,2,1,0
BRDA:14,3,0,0
BRDA:14,3,1,0
BRDA:14,4,0,0
BRDA:14,4,1,0
BRDA:17,5,0,6
BRDA:17,5,1,0
BRDA:20,6,0,0
BRDA:20,6,1,0
BRDA:24,7,0,0
BRDA:24,7,1,0
BRDA:24,8,0,0
BRDA:24,8,1,0
BRDA:31,9,0,0
BRDA:36,10,0,0
BRDA:36,10,1,6
BRDA:39,11,0,3
BRDA:39,11,1,3
BRDA:44,12,0,1
BRDA:44,12,1,0
BRDA:48,13,0,0
BRDA:48,13,1,0
BRDA:59,14,0,0
BRDA:62,15,0,0
BRDA:62,15,1,0
BRDA:63,16,0,0
BRDA:63,16,1,0
BRDA:63,17,0,0
BRDA:63,17,1,0
BRDA:69,18,0,0
BRDA:69,18,1,0
BRDA:69,18,2,0
BRDA:69,18,3,0
BRDA:79,19,0,0
BRDA:79,19,1,0
BRDA:79,20,0,0
BRDA:79,20,1,0
BRDA:92,21,0,0
BRDA:92,21,1,0
BRDA:104,22,0,0
BRDA:105,23,0,0
BRDA:106,24,0,0
BRDA:110,25,0,0
BRDA:110,25,1,0
BRDA:116,26,0,0
BRDA:116,26,1,0
BRDA:122,27,0,0
BRDA:122,27,1,0
BRDA:125,28,0,0
BRDA:125,28,1,0
BRDA:125,29,0,0
BRDA:125,29,1,0
BRDA:126,30,0,0
BRDA:126,30,1,0
BRDA:126,31,0,0
BRDA:126,31,1,0
BRDA:133,32,0,0
BRDA:133,32,1,0
BRDA:140,33,0,0
BRDA:140,33,1,0
BRDA:167,34,0,0
BRDA:167,34,1,0
BRDA:173,35,0,0
BRDA:174,36,0,0
BRDA:174,36,1,0
BRDA:174,36,2,0
BRDA:176,37,0,0
BRDA:176,37,1,0
BRDA:180,38,0,0
BRDA:180,38,1,0
BRDA:184,39,0,0
BRDA:184,39,1,0
BRDA:191,40,0,0
BRDA:196,41,0,4
BRDA:196,41,1,8
BRDA:211,42,0,3
BRDA:211,42,1,1
BRDA:217,43,0,3
BRDA:217,43,1,1
BRDA:218,44,0,3
BRDA:218,44,1,2
BRDA:222,45,0,2
BRDA:222,45,1,2
BRDA:222,46,0,4
BRDA:222,46,1,3
BRDA:225,47,0,3
BRDA:225,47,1,1
BRDA:226,48,0,2
BRDA:226,48,1,1
BRDA:233,49,0,3
BRDA:233,49,1,1
BRDA:234,50,0,2
BRDA:234,50,1,1
BRDA:235,51,0,1
BRDA:235,51,1,1
BRDA:241,52,0,3
BRDA:241,52,1,1
BRDA:252,53,0,1
BRDA:252,53,1,0
BRDA:253,54,0,1
BRDA:253,54,1,0
BRDA:269,55,0,1
BRDA:269,55,1,0
BRF:109
BRH:35
end_of_record
TN:
SF:src\utils\supervisorConflictValidation.js
FN:1,(anonymous_0)
FN:3,(anonymous_1)
FN:5,(anonymous_2)
FN:8,(anonymous_3)
FN:14,(anonymous_4)
FNF:5
FNH:5
FNDA:6,(anonymous_0)
FNDA:2,(anonymous_1)
FNDA:4,(anonymous_2)
FNDA:2,(anonymous_3)
FNDA:1,(anonymous_4)
DA:1,6
DA:3,1
DA:4,2
DA:5,4
DA:8,1
DA:9,2
DA:10,2
DA:11,2
DA:14,1
DA:18,1
DA:20,1
LF:11
LH:11
BRDA:1,0,0,6
BRDA:1,0,1,6
BRDA:1,0,2,0
BRDA:3,1,0,0
BRDA:4,2,0,2
BRDA:4,2,1,0
BRDA:5,3,0,4
BRDA:5,3,1,4
BRDA:8,4,0,0
BRDA:10,5,0,0
BRDA:10,5,1,2
BRDA:14,6,0,0
BRDA:15,7,0,0
BRDA:16,8,0,0
BRF:14
BRH:6
end_of_record
TN:
SF:src\utils\timetableValidation.js
FN:1,(anonymous_0)
FN:9,(anonymous_1)
FN:11,(anonymous_2)
FN:24,(anonymous_3)
FN:34,(anonymous_4)
FN:36,(anonymous_5)
FN:39,(anonymous_6)
FN:40,(anonymous_7)
FN:52,(anonymous_8)
FN:98,(anonymous_9)
FN:101,(anonymous_10)
FNF:11
FNH:11
FNDA:21,(anonymous_0)
FNDA:7,(anonymous_1)
FNDA:7,(anonymous_2)
FNDA:34,(anonymous_3)
FNDA:28,(anonymous_4)
FNDA:3,(anonymous_5)
FNDA:4,(anonymous_6)
FNDA:7,(anonymous_7)
FNDA:4,(anonymous_8)
FNDA:2,(anonymous_9)
FNDA:2,(anonymous_10)
DA:1,1
DA:2,21
DA:9,7
DA:11,1
DA:12,7
DA:13,7
DA:14,0
DA:15,0
DA:16,0
DA:17,0
DA:19,7
DA:20,7
DA:21,7
DA:24,1
DA:25,34
DA:26,34
DA:27,34
DA:28,34
DA:29,34
DA:30,34
DA:31,34
DA:34,28
DA:36,1
DA:37,3
DA:39,1
DA:40,7
DA:52,1
DA:53,4
DA:55,4
DA:56,7
DA:57,7
DA:58,7
DA:59,0
DA:61,7
DA:62,0
DA:64,7
DA:65,0
DA:67,7
DA:68,1
DA:72,4
DA:73,4
DA:74,7
DA:75,7
DA:76,7
DA:77,1
DA:81,7
DA:84,4
DA:85,7
DA:86,7
DA:87,7
DA:88,7
DA:90,7
DA:91,3
DA:92,3
DA:93,3
DA:94,3
DA:95,3
DA:96,3
DA:98,1
DA:99,2
DA:101,1
DA:102,2
DA:109,4
DA:110,3
DA:111,3
DA:112,3
DA:113,3
DA:117,1
LF:68
LH:61
BRDA:1,0,0,0
BRDA:1,1,0,0
BRDA:9,2,0,7
BRDA:9,2,1,0
BRDA:12,3,0,0
BRDA:12,3,1,7
BRDA:13,4,0,0
BRDA:13,4,1,7
BRDA:13,5,0,7
BRDA:13,5,1,0
BRDA:21,6,0,7
BRDA:21,6,1,0
BRDA:25,7,0,34
BRDA:25,7,1,0
BRDA:27,8,0,0
BRDA:27,8,1,34
BRDA:30,9,0,0
BRDA:30,9,1,34
BRDA:30,10,0,34
BRDA:30,10,1,34
BRDA:30,10,2,34
BRDA:30,10,3,34
BRDA:34,11,0,28
BRDA:34,11,1,28
BRDA:34,11,2,7
BRDA:37,12,0,3
BRDA:37,12,1,3
BRDA:39,13,0,0
BRDA:41,14,0,7
BRDA:41,14,1,7
BRDA:42,15,0,7
BRDA:42,15,1,0
BRDA:42,15,2,0
BRDA:44,16,0,7
BRDA:44,16,1,7
BRDA:44,16,2,0
BRDA:47,17,0,7
BRDA:47,17,1,0
BRDA:49,18,0,7
BRDA:49,18,1,0
BRDA:56,19,0,0
BRDA:56,19,1,7
BRDA:57,20,0,0
BRDA:57,20,1,7
BRDA:58,21,0,0
BRDA:58,21,1,7
BRDA:61,22,0,0
BRDA:61,22,1,7
BRDA:64,23,0,0
BRDA:64,23,1,7
BRDA:67,24,0,1
BRDA:67,24,1,6
BRDA:75,25,0,0
BRDA:75,25,1,7
BRDA:75,26,0,7
BRDA:75,26,1,7
BRDA:76,27,0,1
BRDA:76,27,1,6
BRDA:88,28,0,0
BRDA:88,28,1,7
BRDA:88,29,0,7
BRDA:88,29,1,7
BRDA:92,30,0,0
BRDA:92,30,1,3
BRDA:95,31,0,0
BRDA:95,31,1,3
BRDA:95,32,0,3
BRDA:95,32,1,3
BRDA:96,33,0,2
BRDA:96,33,1,1
BRDA:109,34,0,3
BRDA:109,34,1,1
BRF:72
BRH:47
end_of_record
