TN:
SF:src\models\Evaluation.js
FNF:0
FNH:0
DA:1,1
DA:3,1
DA:74,1
DA:81,1
LF:4
LH:4
BRF:0
BRH:0
end_of_record
TN:
SF:src\models\Timetable.js
FNF:0
FNH:0
DA:1,1
DA:3,1
DA:213,1
LF:3
LH:3
BRF:0
BRH:0
end_of_record
TN:
SF:src\models\User.js
FN:79,(anonymous_0)
FNF:1
FNH:0
FNDA:0,(anonymous_0)
DA:1,1
DA:3,1
DA:79,1
DA:80,0
DA:83,1
LF:5
LH:4
BRF:0
BRH:0
end_of_record
TN:
SF:src\utils\evaluationWorkflow.js
FN:8,(anonymous_0)
FN:10,(anonymous_1)
FN:12,(anonymous_2)
FN:15,(anonymous_3)
FN:19,(anonymous_4)
FN:22,(anonymous_5)
FN:34,(anonymous_6)
FN:42,(anonymous_7)
FN:51,(anonymous_8)
FN:56,(anonymous_9)
FN:60,(anonymous_10)
FN:80,(anonymous_11)
FN:86,(anonymous_12)
FN:107,(anonymous_13)
FN:125,(anonymous_14)
FN:146,(anonymous_15)
FN:147,(anonymous_16)
FN:158,(anonymous_17)
FN:168,(anonymous_18)
FN:172,(anonymous_19)
FN:175,(anonymous_20)
FN:179,(anonymous_21)
FN:185,(anonymous_22)
FN:227,(anonymous_23)
FN:249,(anonymous_24)
FN:268,(anonymous_25)
FN:297,(anonymous_26)
FN:315,(anonymous_27)
FN:318,(anonymous_28)
FN:326,(anonymous_29)
FN:333,(anonymous_30)
FN:337,(anonymous_31)
FN:338,(anonymous_32)
FN:347,(anonymous_33)
FN:375,(anonymous_34)
FNF:35
FNH:13
FNDA:12,(anonymous_0)
FNDA:0,(anonymous_1)
FNDA:0,(anonymous_2)
FNDA:12,(anonymous_3)
FNDA:6,(anonymous_4)
FNDA:0,(anonymous_5)
FNDA:4,(anonymous_6)
FNDA:6,(anonymous_7)
FNDA:0,(anonymous_8)
FNDA:0,(anonymous_9)
FNDA:0,(anonymous_10)
FNDA:0,(anonymous_11)
FNDA:0,(anonymous_12)
FNDA:0,(anonymous_13)
FNDA:0,(anonymous_14)
FNDA:0,(anonymous_15)
FNDA:0,(anonymous_16)
FNDA:0,(anonymous_17)
FNDA:0,(anonymous_18)
FNDA:0,(anonymous_19)
FNDA:0,(anonymous_20)
FNDA:0,(anonymous_21)
FNDA:0,(anonymous_22)
FNDA:0,(anonymous_23)
FNDA:0,(anonymous_24)
FNDA:0,(anonymous_25)
FNDA:0,(anonymous_26)
FNDA:4,(anonymous_27)
FNDA:12,(anonymous_28)
FNDA:4,(anonymous_29)
FNDA:12,(anonymous_30)
FNDA:8,(anonymous_31)
FNDA:8,(anonymous_32)
FNDA:6,(anonymous_33)
FNDA:1,(anonymous_34)
DA:1,1
DA:2,1
DA:3,1
DA:5,1
DA:6,1
DA:8,12
DA:10,1
DA:12,1
DA:13,0
DA:15,1
DA:16,12
DA:19,1
DA:20,6
DA:22,1
DA:23,0
DA:24,0
DA:27,0
DA:28,0
DA:31,0
DA:34,1
DA:35,4
DA:37,4
DA:38,6
DA:39,6
DA:41,6
DA:42,6
DA:43,3
DA:47,1
DA:48,1
DA:51,0
DA:52,0
DA:55,0
DA:56,0
DA:60,1
DA:65,0
DA:66,0
DA:68,0
DA:77,0
DA:78,0
DA:81,0
DA:82,0
DA:83,0
DA:84,0
DA:86,0
DA:92,0
DA:93,0
DA:95,0
DA:97,0
DA:107,1
DA:110,0
DA:111,0
DA:115,0
DA:120,0
DA:121,0
DA:124,0
DA:126,0
DA:127,0
DA:129,0
DA:131,0
DA:142,0
DA:143,0
DA:146,0
DA:147,0
DA:149,0
DA:157,0
DA:158,0
DA:159,0
DA:160,0
DA:161,0
DA:164,0
DA:165,0
DA:166,0
DA:168,0
DA:169,0
DA:170,0
DA:171,0
DA:172,0
DA:174,0
DA:175,0
DA:178,0
DA:179,0
DA:180,0
DA:183,0
DA:184,0
DA:185,0
DA:186,0
DA:189,0
DA:190,0
DA:200,0
DA:203,0
DA:205,0
DA:210,0
DA:211,0
DA:227,0
DA:230,0
DA:231,0
DA:234,0
DA:235,0
DA:238,0
DA:239,0
DA:242,0
DA:249,1
DA:253,0
DA:254,0
DA:257,0
DA:259,0
DA:264,0
DA:266,0
DA:269,0
DA:270,0
DA:271,0
DA:273,0
DA:274,0
DA:278,0
DA:281,0
DA:286,0
DA:288,0
DA:292,0
DA:297,1
DA:298,0
DA:300,0
DA:301,0
DA:304,0
DA:305,0
DA:308,0
DA:309,0
DA:312,0
DA:315,1
DA:316,4
DA:318,4
DA:319,12
DA:320,12
DA:321,12
DA:324,4
DA:326,4
DA:327,4
DA:331,4
DA:332,4
DA:333,12
DA:335,4
DA:337,8
DA:338,8
DA:341,4
DA:346,4
DA:347,6
DA:349,4
DA:355,4
DA:372,4
DA:375,1
DA:376,1
DA:377,1
DA:387,1
DA:388,1
DA:389,1
DA:390,1
DA:391,1
DA:393,1
DA:394,1
DA:395,1
DA:396,1
DA:397,1
DA:398,1
DA:401,1
DA:404,1
LF:164
LH:64
BRDA:8,0,0,12
BRDA:8,0,1,12
BRDA:8,0,2,0
BRDA:10,1,0,0
BRDA:10,1,1,0
BRDA:16,2,0,12
BRDA:16,2,1,0
BRDA:17,3,0,0
BRDA:17,3,1,0
BRDA:17,4,0,0
BRDA:17,4,1,0
BRDA:20,5,0,6
BRDA:20,5,1,0
BRDA:23,6,0,0
BRDA:23,6,1,0
BRDA:27,7,0,0
BRDA:27,7,1,0
BRDA:27,8,0,0
BRDA:27,8,1,0
BRDA:34,9,0,0
BRDA:39,10,0,0
BRDA:39,10,1,6
BRDA:42,11,0,3
BRDA:42,11,1,3
BRDA:47,12,0,1
BRDA:47,12,1,0
BRDA:51,13,0,0
BRDA:51,13,1,0
BRDA:62,14,0,0
BRDA:65,15,0,0
BRDA:65,15,1,0
BRDA:66,16,0,0
BRDA:66,16,1,0
BRDA:66,17,0,0
BRDA:66,17,1,0
BRDA:72,18,0,0
BRDA:72,18,1,0
BRDA:72,18,2,0
BRDA:72,18,3,0
BRDA:82,19,0,0
BRDA:82,19,1,0
BRDA:82,20,0,0
BRDA:82,20,1,0
BRDA:95,21,0,0
BRDA:95,21,1,0
BRDA:107,22,0,0
BRDA:108,23,0,0
BRDA:111,24,0,0
BRDA:111,24,1,0
BRDA:120,25,0,0
BRDA:120,25,1,0
BRDA:126,26,0,0
BRDA:126,26,1,0
BRDA:127,27,0,0
BRDA:127,27,1,0
BRDA:129,28,0,0
BRDA:129,28,1,0
BRDA:134,29,0,0
BRDA:134,29,1,0
BRDA:135,30,0,0
BRDA:135,30,1,0
BRDA:136,31,0,0
BRDA:136,31,1,0
BRDA:137,32,0,0
BRDA:137,32,1,0
BRDA:142,33,0,0
BRDA:142,33,1,0
BRDA:160,34,0,0
BRDA:160,34,1,0
BRDA:170,35,0,0
BRDA:170,35,1,0
BRDA:178,36,0,0
BRDA:178,36,1,0
BRDA:184,37,0,0
BRDA:184,37,1,0
BRDA:189,38,0,0
BRDA:189,38,1,0
BRDA:205,39,0,0
BRDA:205,39,1,0
BRDA:205,39,2,0
BRDA:205,39,3,0
BRDA:207,40,0,0
BRDA:207,40,1,0
BRDA:207,41,0,0
BRDA:207,41,1,0
BRDA:208,42,0,0
BRDA:208,42,1,0
BRDA:208,43,0,0
BRDA:208,43,1,0
BRDA:210,44,0,0
BRDA:210,44,1,0
BRDA:230,45,0,0
BRDA:230,45,1,0
BRDA:234,46,0,0
BRDA:234,46,1,0
BRDA:238,47,0,0
BRDA:238,47,1,0
BRDA:249,48,0,0
BRDA:250,49,0,0
BRDA:251,50,0,0
BRDA:254,51,0,0
BRDA:254,51,1,0
BRDA:264,52,0,0
BRDA:264,52,1,0
BRDA:269,53,0,0
BRDA:269,53,1,0
BRDA:270,54,0,0
BRDA:270,54,1,0
BRDA:273,55,0,0
BRDA:273,55,1,0
BRDA:274,56,0,0
BRDA:274,56,1,0
BRDA:275,57,0,0
BRDA:275,57,1,0
BRDA:286,58,0,0
BRDA:286,58,1,0
BRDA:297,59,0,0
BRDA:298,60,0,0
BRDA:298,60,1,0
BRDA:298,60,2,0
BRDA:300,61,0,0
BRDA:300,61,1,0
BRDA:304,62,0,0
BRDA:304,62,1,0
BRDA:308,63,0,0
BRDA:308,63,1,0
BRDA:315,64,0,0
BRDA:320,65,0,4
BRDA:320,65,1,8
BRDA:335,66,0,3
BRDA:335,66,1,1
BRDA:341,67,0,3
BRDA:341,67,1,1
BRDA:342,68,0,3
BRDA:342,68,1,2
BRDA:346,69,0,2
BRDA:346,69,1,2
BRDA:346,70,0,4
BRDA:346,70,1,3
BRDA:349,71,0,3
BRDA:349,71,1,1
BRDA:350,72,0,2
BRDA:350,72,1,1
BRDA:357,73,0,3
BRDA:357,73,1,1
BRDA:358,74,0,2
BRDA:358,74,1,1
BRDA:359,75,0,1
BRDA:359,75,1,1
BRDA:365,76,0,3
BRDA:365,76,1,1
BRDA:376,77,0,1
BRDA:376,77,1,0
BRDA:377,78,0,1
BRDA:377,78,1,0
BRDA:393,79,0,1
BRDA:393,79,1,0
BRF:157
BRH:35
end_of_record
